\BOOKMARK [0][-]{section*.2}{HALAMAN JUDUL}{}% 1
\BOOKMARK [0][-]{section*.4}{LEMBAR PENGESAHAN}{}% 2
\BOOKMARK [0][-]{section*.5}{LEMBAR PERNYATAAN ORISINALITAS}{}% 3
\BOOKMARK [0][-]{section*.6}{ABSTRAK}{}% 4
\BOOKMARK [0][-]{section*.7}{ABSTRACT}{}% 5
\BOOKMARK [0][-]{section*.8}{KATA PENGANTAR}{}% 6
\BOOKMARK [0][-]{section*.8}{DAFTAR ISI}{}% 7
\BOOKMARK [0][-]{section*.8}{DAFTAR GAMBAR}{}% 8
\BOOKMARK [0][-]{section*.8}{DAFTAR TABEL}{}% 9
\BOOKMARK [0][-]{section*.9}{DAFTAR SINGKATAN}{}% 10
\BOOKMARK [0][-]{section*.10}{DAFTAR SIMBOL}{}% 11
\BOOKMARK [0][-]{section*.11}{DAFTAR ISTILAH}{}% 12
\BOOKMARK [0][-]{section*.12}{DAFTAR LAMPIRAN}{}% 13
\BOOKMARK [0][-]{chapter.1}{1 Pendahuluan}{}% 14
\BOOKMARK [1][-]{section.1.1}{1.1 Latar Belakang}{chapter.1}% 15
\BOOKMARK [1][-]{section.1.2}{1.2 Rumusan Masalah}{chapter.1}% 16
\BOOKMARK [1][-]{section.1.3}{1.3 Tujuan}{chapter.1}% 17
\BOOKMARK [1][-]{section.1.4}{1.4 Batasan Masalahan}{chapter.1}% 18
\BOOKMARK [1][-]{section.1.5}{1.5 Metodologi Penyelesaian Masalah}{chapter.1}% 19
\BOOKMARK [1][-]{section.1.6}{1.6 Sistematika Penulisan}{chapter.1}% 20
\BOOKMARK [0][-]{chapter.2}{2 Tinjauan Pustaka}{}% 21
\BOOKMARK [1][-]{section.2.1}{2.1 Pekerjaan Sebelumnya dan Keterkaitan}{chapter.2}% 22
\BOOKMARK [1][-]{section.2.2}{2.2 Perancangan dan Implementasi Algoritme DSP untuk IPP}{chapter.2}% 23
\BOOKMARK [0][-]{chapter.3}{3 Desain dan Simulasi}{}% 24
\BOOKMARK [1][-]{section.3.1}{3.1 Studi Literatur}{chapter.3}% 25
\BOOKMARK [1][-]{section.3.2}{3.2 Analisis}{chapter.3}% 26
\BOOKMARK [1][-]{section.3.3}{3.3 Perancangan}{chapter.3}% 27
\BOOKMARK [1][-]{section.3.4}{3.4 Pengujian}{chapter.3}% 28
\BOOKMARK [2][-]{subsection.3.4.1}{3.4.1 Kerahasiaan algoritme}{section.3.4}% 29
\BOOKMARK [2][-]{subsection.3.4.2}{3.4.2 Tingkat Ketahanan Uji}{section.3.4}% 30
\BOOKMARK [2][-]{subsection.3.4.3}{3.4.3 Tingkat Penurunan Performa}{section.3.4}% 31
\BOOKMARK [2][-]{subsection.3.4.4}{3.4.4 Tingkat Deteksi}{section.3.4}% 32
\BOOKMARK [1][-]{section.3.5}{3.5 Data Pengujian}{chapter.3}% 33
\BOOKMARK [0][-]{chapter.4}{4 Pengujian dan Analisis}{}% 34
\BOOKMARK [0][-]{chapter.5}{5 Kesimpulan dan Saran}{}% 35
\BOOKMARK [1][-]{section.5.1}{5.1 Kesimpulan}{chapter.5}% 36
\BOOKMARK [1][-]{section.5.2}{5.2 Saran}{chapter.5}% 37
\BOOKMARK [0][-]{section.5.2}{Daftar Referensi}{}% 38
\BOOKMARK [0][-]{section*.21}{LAMPIRAN}{}% 39
\BOOKMARK [0][-]{section*.22}{Lampiran 1}{}% 40
