Release 14.7 - xst P.20131013 (nt64)
Copyright (c) 1995-2013 Xilinx, Inc.  All rights reserved.
--> Parameter TMPDIR set to xst/projnav.tmp


Total REAL time to Xst completion: 1.00 secs
Total CPU time to Xst completion: 0.12 secs
 
--> Parameter xsthdpdir set to xst


Total REAL time to Xst completion: 1.00 secs
Total CPU time to Xst completion: 0.12 secs
 
--> Reading design: protection.prj

TABLE OF CONTENTS
  1) Synthesis Options Summary
  2) HDL Compilation
  3) Design Hierarchy Analysis
  4) HDL Analysis
  5) HDL Synthesis
     5.1) HDL Synthesis Report
  6) Advanced HDL Synthesis
     6.1) Advanced HDL Synthesis Report
  7) Low Level Synthesis
  8) Partition Report
  9) Final Report
	9.1) Device utilization summary
	9.2) Partition Resource Summary
	9.3) TIMING REPORT


=========================================================================
*                      Synthesis Options Summary                        *
=========================================================================
---- Source Parameters
Input File Name                    : "protection.prj"
Input Format                       : mixed
Ignore Synthesis Constraint File   : NO

---- Target Parameters
Output File Name                   : "protection"
Output Format                      : NGC
Target Device                      : xc3s50a-4-tq144

---- Source Options
Top Module Name                    : protection
Automatic FSM Extraction           : YES
FSM Encoding Algorithm             : Auto
Safe Implementation                : No
FSM Style                          : LUT
RAM Extraction                     : Yes
RAM Style                          : Auto
ROM Extraction                     : Yes
Mux Style                          : Auto
Decoder Extraction                 : YES
Priority Encoder Extraction        : Yes
Shift Register Extraction          : YES
Logical Shifter Extraction         : YES
XOR Collapsing                     : YES
ROM Style                          : Auto
Mux Extraction                     : Yes
Resource Sharing                   : YES
Asynchronous To Synchronous        : NO
Multiplier Style                   : Auto
Automatic Register Balancing       : No

---- Target Options
Add IO Buffers                     : YES
Global Maximum Fanout              : 100000
Add Generic Clock Buffer(BUFG)     : 24
Register Duplication               : YES
Slice Packing                      : YES
Optimize Instantiated Primitives   : NO
Use Clock Enable                   : Yes
Use Synchronous Set                : Yes
Use Synchronous Reset              : Yes
Pack IO Registers into IOBs        : Auto
Equivalent register Removal        : YES

---- General Options
Optimization Goal                  : Speed
Optimization Effort                : 1
Keep Hierarchy                     : No
Netlist Hierarchy                  : As_Optimized
RTL Output                         : Yes
Global Optimization                : AllClockNets
Read Cores                         : YES
Write Timing Constraints           : NO
Cross Clock Analysis               : NO
Hierarchy Separator                : /
Bus Delimiter                      : <>
Case Specifier                     : Maintain
Slice Utilization Ratio            : 100
BRAM Utilization Ratio             : 100
Verilog 2001                       : YES
Auto BRAM Packing                  : NO
Slice Utilization Ratio Delta      : 5

=========================================================================


=========================================================================
*                          HDL Compilation                              *
=========================================================================
Compiling verilog file "protection.v" in library work
Module <protection> compiled
No errors in compilation
Analysis of file <"protection.prj"> succeeded.
 

=========================================================================
*                     Design Hierarchy Analysis                         *
=========================================================================
Analyzing hierarchy for module <protection> in library <work>.


=========================================================================
*                            HDL Analysis                               *
=========================================================================
Analyzing top module <protection>.
Module <protection> is correct for synthesis.
 

=========================================================================
*                           HDL Synthesis                               *
=========================================================================

Performing bidirectional port resolution...

Synthesizing Unit <protection>.
    Related source file is "protection.v".
WARNING:Xst:647 - Input <ENA> is never used. This port will be preserved and left unconnected if it belongs to a top-level block or it belongs to a sub-block and the hierarchy of this sub-block is preserved.
WARNING:Xst:647 - Input <RGA<7:3>> is never used. This port will be preserved and left unconnected if it belongs to a top-level block or it belongs to a sub-block and the hierarchy of this sub-block is preserved.
WARNING:Xst:647 - Input <RGB> is never used. This port will be preserved and left unconnected if it belongs to a top-level block or it belongs to a sub-block and the hierarchy of this sub-block is preserved.
WARNING:Xst:647 - Input <KEY> is never used. This port will be preserved and left unconnected if it belongs to a top-level block or it belongs to a sub-block and the hierarchy of this sub-block is preserved.
    Found 8-bit register for signal <RGZ>.
    Found 2-bit adder for signal <$add0000> created at line 14.
    Found 3-bit adder for signal <$add0001> created at line 18.
    Found 12-bit register for signal <tmp>.
    Summary:
	inferred  20 D-type flip-flop(s).
	inferred   2 Adder/Subtractor(s).
Unit <protection> synthesized.


=========================================================================
HDL Synthesis Report

Macro Statistics
# Adders/Subtractors                                   : 2
 2-bit adder                                           : 1
 3-bit adder                                           : 1
# Registers                                            : 20
 1-bit register                                        : 20

=========================================================================

=========================================================================
*                       Advanced HDL Synthesis                          *
=========================================================================


=========================================================================
Advanced HDL Synthesis Report

Macro Statistics
# Adders/Subtractors                                   : 2
 2-bit adder                                           : 1
 3-bit adder                                           : 1
# Registers                                            : 8
 Flip-Flops                                            : 8

=========================================================================

=========================================================================
*                         Low Level Synthesis                           *
=========================================================================

Optimizing unit <protection> ...

Mapping all equations...
Building and optimizing final netlist ...
Found area constraint ratio of 100 (+ 5) on block protection, actual ratio is 0.

Final Macro Processing ...

=========================================================================
Final Register Report

Macro Statistics
# Registers                                            : 8
 Flip-Flops                                            : 8

=========================================================================

=========================================================================
*                           Partition Report                            *
=========================================================================

Partition Implementation Status
-------------------------------

  No Partitions were found in this design.

-------------------------------

=========================================================================
*                            Final Report                               *
=========================================================================
Final Results
RTL Top Level Output File Name     : protection.ngr
Top Level Output File Name         : protection
Output Format                      : NGC
Optimization Goal                  : Speed
Keep Hierarchy                     : No

Design Statistics
# IOs                              : 29

Cell Usage :
# BELS                             : 10
#      INV                         : 1
#      LUT2                        : 1
#      LUT3                        : 3
#      LUT3_L                      : 1
#      LUT4                        : 4
# FlipFlops/Latches                : 8
#      FDE                         : 3
#      FDR                         : 5
# Clock Buffers                    : 1
#      BUFGP                       : 1
# IO Buffers                       : 12
#      IBUF                        : 4
#      OBUF                        : 8
=========================================================================

Device utilization summary:
---------------------------

Selected Device : 3s50atq144-4 

 Number of Slices:                        5  out of    704     0%  
 Number of Slice Flip Flops:              8  out of   1408     0%  
 Number of 4 input LUTs:                 10  out of   1408     0%  
 Number of IOs:                          29
 Number of bonded IOBs:                  13  out of    108    12%  
 Number of GCLKs:                         1  out of     24     4%  

---------------------------
Partition Resource Summary:
---------------------------

  No Partitions were found in this design.

---------------------------


=========================================================================
TIMING REPORT

NOTE: THESE TIMING NUMBERS ARE ONLY A SYNTHESIS ESTIMATE.
      FOR ACCURATE TIMING INFORMATION PLEASE REFER TO THE TRACE REPORT
      GENERATED AFTER PLACE-and-ROUTE.

Clock Information:
------------------
-----------------------------------+------------------------+-------+
Clock Signal                       | Clock buffer(FF name)  | Load  |
-----------------------------------+------------------------+-------+
CLK                                | BUFGP                  | 8     |
-----------------------------------+------------------------+-------+

Asynchronous Control Signals Information:
----------------------------------------
No asynchronous control signals found in this design

Timing Summary:
---------------
Speed Grade: -4

   Minimum period: 3.185ns (Maximum Frequency: 313.972MHz)
   Minimum input arrival time before clock: 3.303ns
   Maximum output required time after clock: 5.993ns
   Maximum combinational path delay: No path found

Timing Detail:
--------------
All values displayed in nanoseconds (ns)

=========================================================================
Timing constraint: Default period analysis for Clock 'CLK'
  Clock period: 3.185ns (frequency: 313.972MHz)
  Total number of paths / destination ports: 27 / 11
-------------------------------------------------------------------------
Delay:               3.185ns (Levels of Logic = 2)
  Source:            RGZ_6 (FF)
  Destination:       RGZ_5 (FF)
  Source Clock:      CLK rising
  Destination Clock: CLK rising

  Data Path: RGZ_6 to RGZ_5
                                Gate     Net
    Cell:in->out      fanout   Delay   Delay  Logical Name (Net Name)
    ----------------------------------------  ------------
     FDR:C->Q             10   0.591   0.914  RGZ_6 (RGZ_6)
     LUT3_L:I2->LO         1   0.648   0.132  RGZ_5_mux0000_SW0 (N6)
     LUT3:I2->O            1   0.648   0.000  RGZ_5_mux00001 (RGZ_5_mux00001)
     FDR:D                     0.252          RGZ_5
    ----------------------------------------
    Total                      3.185ns (2.139ns logic, 1.046ns route)
                                       (67.2% logic, 32.8% route)

=========================================================================
Timing constraint: Default OFFSET IN BEFORE for Clock 'CLK'
  Total number of paths / destination ports: 14 / 11
-------------------------------------------------------------------------
Offset:              3.303ns (Levels of Logic = 2)
  Source:            RST (PAD)
  Destination:       RGZ_2 (FF)
  Destination Clock: CLK rising

  Data Path: RST to RGZ_2
                                Gate     Net
    Cell:in->out      fanout   Delay   Delay  Logical Name (Net Name)
    ----------------------------------------  ------------
     IBUF:I->O             9   0.849   0.963  RST_IBUF (RST_IBUF)
     LUT3:I0->O            3   0.648   0.531  RGZ_2_not00011 (RGZ_2_not0001)
     FDE:CE                    0.312          RGZ_2
    ----------------------------------------
    Total                      3.303ns (1.809ns logic, 1.494ns route)
                                       (54.8% logic, 45.2% route)

=========================================================================
Timing constraint: Default OFFSET OUT AFTER for Clock 'CLK'
  Total number of paths / destination ports: 8 / 8
-------------------------------------------------------------------------
Offset:              5.993ns (Levels of Logic = 1)
  Source:            RGZ_6 (FF)
  Destination:       RGZ<6> (PAD)
  Source Clock:      CLK rising

  Data Path: RGZ_6 to RGZ<6>
                                Gate     Net
    Cell:in->out      fanout   Delay   Delay  Logical Name (Net Name)
    ----------------------------------------  ------------
     FDR:C->Q             10   0.591   0.882  RGZ_6 (RGZ_6)
     OBUF:I->O                 4.520          RGZ_6_OBUF (RGZ<6>)
    ----------------------------------------
    Total                      5.993ns (5.111ns logic, 0.882ns route)
                                       (85.3% logic, 14.7% route)

=========================================================================


Total REAL time to Xst completion: 49.00 secs
Total CPU time to Xst completion: 48.79 secs
 
--> 

Total memory usage is 331428 kilobytes

Number of errors   :    0 (   0 filtered)
Number of warnings :    4 (   0 filtered)
Number of infos    :    0 (   0 filtered)

