This is pdfTeX, Version 3.14159265-2.6-1.40.17 (TeX Live 2016/W32TeX) (preloaded format=pdflatex 2017.3.11)  21 JUL 2017 07:54
entering extended mode
 restricted \write18 enabled.
 %&-line parsing enabled.
**./jurnal.tex
(./jurnal.tex
LaTeX2e <2016/03/31>
Babel <3.9r> and hyphenation patterns for 83 language(s) loaded.
(./IEEEtran.cls
Document Class: IEEEtran 2015/08/26 V1.8b by Michael Shell
-- See the "IEEEtran_HOWTO" manual for usage information.
-- http://www.michaelshell.org/tex/ieeetran/
\@IEEEtrantmpdimenA=\dimen102
\@IEEEtrantmpdimenB=\dimen103
\@IEEEtrantmpdimenC=\dimen104
\@IEEEtrantmpcountA=\count79
\@IEEEtrantmpcountB=\count80
\@IEEEtrantmpcountC=\count81
\@IEEEtrantmptoksA=\toks14
LaTeX Font Info:    Try loading font information for OT1+ppl on input line 503.

(c:/texlive/2016/texmf-dist/tex/latex/psnfss/ot1ppl.fd
File: ot1ppl.fd 2001/06/04 font definitions for OT1/ppl.
)
-- Using IEEE Computer Society mode.
-- Using 8.5in x 11in (letter) paper.
-- Using PDF output.
\@IEEEnormalsizeunitybaselineskip=\dimen105
-- This is a 10 point document.
\CLASSINFOnormalsizebaselineskip=\dimen106
\CLASSINFOnormalsizeunitybaselineskip=\dimen107
\IEEEnormaljot=\dimen108
LaTeX Font Info:    Font shape `OT1/ppl/bx/n' in size <5.01874> not available
(Font)              Font shape `OT1/ppl/b/n' tried instead on input line 1090.
LaTeX Font Info:    Font shape `OT1/ppl/bx/it' in size <5.01874> not available
(Font)              Font shape `OT1/ppl/b/it' tried instead on input line 1090.

LaTeX Font Info:    Font shape `OT1/ppl/bx/n' in size <7.02625> not available
(Font)              Font shape `OT1/ppl/b/n' tried instead on input line 1090.
LaTeX Font Info:    Font shape `OT1/ppl/bx/it' in size <7.02625> not available
(Font)              Font shape `OT1/ppl/b/it' tried instead on input line 1090.

LaTeX Font Info:    Font shape `OT1/ppl/bx/n' in size <8.03> not available
(Font)              Font shape `OT1/ppl/b/n' tried instead on input line 1090.
LaTeX Font Info:    Font shape `OT1/ppl/bx/it' in size <8.03> not available
(Font)              Font shape `OT1/ppl/b/it' tried instead on input line 1090.

LaTeX Font Info:    Font shape `OT1/ppl/bx/n' in size <9.03374> not available
(Font)              Font shape `OT1/ppl/b/n' tried instead on input line 1090.
LaTeX Font Info:    Font shape `OT1/ppl/bx/it' in size <9.03374> not available
(Font)              Font shape `OT1/ppl/b/it' tried instead on input line 1090.

LaTeX Font Info:    Font shape `OT1/ppl/bx/n' in size <9.53561> not available
(Font)              Font shape `OT1/ppl/b/n' tried instead on input line 1090.
LaTeX Font Info:    Font shape `OT1/ppl/bx/it' in size <9.53561> not available
(Font)              Font shape `OT1/ppl/b/it' tried instead on input line 1090.

LaTeX Font Info:    Font shape `OT1/ppl/bx/n' in size <11.04124> not available
(Font)              Font shape `OT1/ppl/b/n' tried instead on input line 1090.
LaTeX Font Info:    Font shape `OT1/ppl/bx/it' in size <11.04124> not available

(Font)              Font shape `OT1/ppl/b/it' tried instead on input line 1090.

LaTeX Font Info:    Font shape `OT1/ppl/bx/n' in size <12.045> not available
(Font)              Font shape `OT1/ppl/b/n' tried instead on input line 1090.
LaTeX Font Info:    Font shape `OT1/ppl/bx/it' in size <12.045> not available
(Font)              Font shape `OT1/ppl/b/it' tried instead on input line 1090.

LaTeX Font Info:    Font shape `OT1/ppl/bx/n' in size <17.06374> not available
(Font)              Font shape `OT1/ppl/b/n' tried instead on input line 1090.
LaTeX Font Info:    Font shape `OT1/ppl/bx/it' in size <17.06374> not available

(Font)              Font shape `OT1/ppl/b/it' tried instead on input line 1090.

LaTeX Font Info:    Font shape `OT1/ppl/bx/n' in size <20.075> not available
(Font)              Font shape `OT1/ppl/b/n' tried instead on input line 1090.
LaTeX Font Info:    Font shape `OT1/ppl/bx/it' in size <20.075> not available
(Font)              Font shape `OT1/ppl/b/it' tried instead on input line 1090.

LaTeX Font Info:    Font shape `OT1/ppl/bx/n' in size <24.09> not available
(Font)              Font shape `OT1/ppl/b/n' tried instead on input line 1090.
LaTeX Font Info:    Font shape `OT1/ppl/bx/it' in size <24.09> not available
(Font)              Font shape `OT1/ppl/b/it' tried instead on input line 1090.

\IEEEquantizedlength=\dimen109
\IEEEquantizedlengthdiff=\dimen110
\IEEEquantizedtextheightdiff=\dimen111
\IEEEilabelindentA=\dimen112
\IEEEilabelindentB=\dimen113
\IEEEilabelindent=\dimen114
\IEEEelabelindent=\dimen115
\IEEEdlabelindent=\dimen116
\IEEElabelindent=\dimen117
\IEEEiednormlabelsep=\dimen118
\IEEEiedmathlabelsep=\dimen119
\IEEEiedtopsep=\skip41
\c@section=\count82
\c@subsection=\count83
\c@subsubsection=\count84
\c@paragraph=\count85
\c@IEEEsubequation=\count86
\abovecaptionskip=\skip42
\belowcaptionskip=\skip43
\c@figure=\count87
\c@table=\count88
\@IEEEeqnnumcols=\count89
\@IEEEeqncolcnt=\count90
\@IEEEsubeqnnumrollback=\count91
\@IEEEquantizeheightA=\dimen120
\@IEEEquantizeheightB=\dimen121
\@IEEEquantizeheightC=\dimen122
\@IEEEquantizeprevdepth=\dimen123
\@IEEEquantizemultiple=\count92
\@IEEEquantizeboxA=\box26
\@IEEEtmpitemindent=\dimen124
\IEEEPARstartletwidth=\dimen125
\c@IEEEbiography=\count93
\@IEEEtranrubishbin=\box27
) (c:/texlive/2016/texmf-dist/tex/latex/blindtext/blindtext.sty
Package: blindtext 2012/01/06 V2.0 blindtext-Package

(c:/texlive/2016/texmf-dist/tex/latex/tools/xspace.sty
Package: xspace 2014/10/28 v1.13 Space after command names (DPC,MH)
)
\c@blindtext=\count94
\c@Blindtext=\count95
\c@blind@countparstart=\count96
\blind@countxx=\count97
\blindtext@numBlindtext=\count98
\blind@countyy=\count99
\c@blindlist=\count100
\c@blindlistlevel=\count101
\c@blindlist@level=\count102
\blind@listitem=\count103
\c@blind@listcount=\count104
\c@blind@levelcount=\count105
\blind@mathformula=\count106
\blind@Mathformula=\count107
\c@blind@randomcount=\count108
\c@blind@randommax=\count109
\c@blind@pangramcount=\count110
\c@blind@pangrammax=\count111
)
(c:/texlive/2016/texmf-dist/tex/latex/graphics/graphicx.sty
Package: graphicx 2014/10/28 v1.0g Enhanced LaTeX Graphics (DPC,SPQR)

(c:/texlive/2016/texmf-dist/tex/latex/graphics/keyval.sty
Package: keyval 2014/10/28 v1.15 key=value parser (DPC)
\KV@toks@=\toks15
)
(c:/texlive/2016/texmf-dist/tex/latex/graphics/graphics.sty
Package: graphics 2016/05/09 v1.0r Standard LaTeX Graphics (DPC,SPQR)

(c:/texlive/2016/texmf-dist/tex/latex/graphics/trig.sty
Package: trig 2016/01/03 v1.10 sin cos tan (DPC)
)
(c:/texlive/2016/texmf-dist/tex/latex/graphics-cfg/graphics.cfg
File: graphics.cfg 2016/01/02 v1.10 sample graphics configuration
)
Package graphics Info: Driver file: pdftex.def on input line 96.

(c:/texlive/2016/texmf-dist/tex/latex/pdftex-def/pdftex.def
File: pdftex.def 2011/05/27 v0.06d Graphics/color for pdfTeX

(c:/texlive/2016/texmf-dist/tex/generic/oberdiek/infwarerr.sty
Package: infwarerr 2016/05/16 v1.4 Providing info/warning/error messages (HO)
)
(c:/texlive/2016/texmf-dist/tex/generic/oberdiek/ltxcmds.sty
Package: ltxcmds 2016/05/16 v1.23 LaTeX kernel commands for general use (HO)
)
\Gread@gobject=\count112
))
\Gin@req@height=\dimen126
\Gin@req@width=\dimen127
)
(c:/texlive/2016/texmf-dist/tex/latex/tools/multicol.sty
Package: multicol 2016/04/07 v1.8p multicolumn formatting (FMi)
\c@tracingmulticols=\count113
\mult@box=\box28
\multicol@leftmargin=\dimen128
\c@unbalance=\count114
\c@collectmore=\count115
\doublecol@number=\count116
\multicoltolerance=\count117
\multicolpretolerance=\count118
\full@width=\dimen129
\page@free=\dimen130
\premulticols=\dimen131
\postmulticols=\dimen132
\multicolsep=\skip44
\multicolbaselineskip=\skip45
\partial@page=\box29
\last@line=\box30
\maxbalancingoverflow=\dimen133
\mult@rightbox=\box31
\mult@grightbox=\box32
\mult@gfirstbox=\box33
\mult@firstbox=\box34
\@tempa=\box35
\@tempa=\box36
\@tempa=\box37
\@tempa=\box38
\@tempa=\box39
\@tempa=\box40
\@tempa=\box41
\@tempa=\box42
\@tempa=\box43
\@tempa=\box44
\@tempa=\box45
\@tempa=\box46
\@tempa=\box47
\@tempa=\box48
\@tempa=\box49
\@tempa=\box50
\@tempa=\box51
\c@columnbadness=\count119
\c@finalcolumnbadness=\count120
\last@try=\dimen134
\multicolovershoot=\dimen135
\multicolundershoot=\dimen136
\mult@nat@firstbox=\box52
\colbreak@box=\box53
\mc@col@check@num=\count121
)
(c:/texlive/2016/texmf-dist/tex/latex/xcolor/xcolor.sty
Package: xcolor 2016/05/11 v2.12 LaTeX color extensions (UK)

(c:/texlive/2016/texmf-dist/tex/latex/graphics-cfg/color.cfg
File: color.cfg 2016/01/02 v1.6 sample color configuration
)
Package xcolor Info: Driver file: pdftex.def on input line 225.

(c:/texlive/2016/texmf-dist/tex/latex/colortbl/colortbl.sty
Package: colortbl 2012/02/13 v1.0a Color table columns (DPC)

(c:/texlive/2016/texmf-dist/tex/latex/tools/array.sty
Package: array 2014/10/28 v2.4c Tabular extension package (FMi)
\col@sep=\dimen137
\extrarowheight=\dimen138
\NC@list=\toks16
\extratabsurround=\skip46
\backup@length=\skip47
)
\everycr=\toks17
\minrowclearance=\skip48
)
\rownum=\count122
Package xcolor Info: Model `cmy' substituted by `cmy0' on input line 1348.
Package xcolor Info: Model `hsb' substituted by `rgb' on input line 1352.
Package xcolor Info: Model `RGB' extended on input line 1364.
Package xcolor Info: Model `HTML' substituted by `rgb' on input line 1366.
Package xcolor Info: Model `Hsb' substituted by `hsb' on input line 1367.
Package xcolor Info: Model `tHsb' substituted by `hsb' on input line 1368.
Package xcolor Info: Model `HSB' substituted by `hsb' on input line 1369.
Package xcolor Info: Model `Gray' substituted by `gray' on input line 1370.
Package xcolor Info: Model `wave' substituted by `hsb' on input line 1371.
)
(c:/texlive/2016/texmf-dist/tex/latex/subfig/subfig.sty
Package: subfig 2005/06/28 ver: 1.3 subfig package

(c:/texlive/2016/texmf-dist/tex/latex/caption/caption3.sty
Package: caption3 2016/02/04 v1.7-139 caption3 kernel (AR)
Package caption3 Info: TeX engine: e-TeX on input line 67.
\captionmargin=\dimen139
\captionmargin@=\dimen140
\captionwidth=\dimen141
\caption@tempdima=\dimen142
\caption@indent=\dimen143
\caption@parindent=\dimen144
\caption@hangindent=\dimen145
Package caption Info: Unknown document class (or package),
(caption)             standard defaults will be used.
)
\c@KVtest=\count123
\sf@farskip=\skip49
\sf@captopadj=\dimen146
\sf@capskip=\skip50
\sf@nearskip=\skip51
\c@subfigure=\count124
\c@subfigure@save=\count125
\c@lofdepth=\count126
\c@subtable=\count127
\c@subtable@save=\count128
\c@lotdepth=\count129
\sf@top=\skip52
\sf@bottom=\skip53
)
(c:/texlive/2016/texmf-dist/tex/latex/cite/cite.sty
LaTeX Info: Redefining \cite on input line 302.
LaTeX Info: Redefining \nocite on input line 332.
Package: cite 2015/02/27  v 5.5
) (./jurnal.aux

LaTeX Warning: Label `fig_sim' multiply defined.


LaTeX Warning: Label `fig_sim' multiply defined.


LaTeX Warning: Label `fig_second_case' multiply defined.


LaTeX Warning: Label `sub@fig_second_case' multiply defined.


LaTeX Warning: Label `fig_sim' multiply defined.


LaTeX Warning: Label `fig_sim' multiply defined.


LaTeX Warning: Label `fig_sim' multiply defined.


LaTeX Warning: Label `my-label' multiply defined.

)
\openout1 = `jurnal.aux'.

LaTeX Font Info:    Checking defaults for OML/cmm/m/it on input line 42.
LaTeX Font Info:    ... okay on input line 42.
LaTeX Font Info:    Checking defaults for T1/cmr/m/n on input line 42.
LaTeX Font Info:    ... okay on input line 42.
LaTeX Font Info:    Checking defaults for OT1/cmr/m/n on input line 42.
LaTeX Font Info:    ... okay on input line 42.
LaTeX Font Info:    Checking defaults for OMS/cmsy/m/n on input line 42.
LaTeX Font Info:    ... okay on input line 42.
LaTeX Font Info:    Checking defaults for OMX/cmex/m/n on input line 42.
LaTeX Font Info:    ... okay on input line 42.
LaTeX Font Info:    Checking defaults for U/cmr/m/n on input line 42.
LaTeX Font Info:    ... okay on input line 42.

-- Lines per column: 61 (exact).
(c:/texlive/2016/texmf-dist/tex/context/base/mkii/supp-pdf.mkii
[Loading MPS to PDF converter (version 2006.09.02).]
\scratchcounter=\count130
\scratchdimen=\dimen147
\scratchbox=\box54
\nofMPsegments=\count131
\nofMParguments=\count132
\everyMPshowfont=\toks18
\MPscratchCnt=\count133
\MPscratchDim=\dimen148
\MPnumerator=\count134
\makeMPintoPDFobject=\count135
\everyMPtoPDFconversion=\toks19
) (c:/texlive/2016/texmf-dist/tex/generic/oberdiek/pdftexcmds.sty
Package: pdftexcmds 2016/05/10 v0.21 Utility functions of pdfTeX for LuaTeX (HO
)

(c:/texlive/2016/texmf-dist/tex/generic/oberdiek/ifluatex.sty
Package: ifluatex 2016/05/16 v1.4 Provides the ifluatex switch (HO)
Package ifluatex Info: LuaTeX not detected.
)
(c:/texlive/2016/texmf-dist/tex/generic/oberdiek/ifpdf.sty
Package: ifpdf 2016/05/14 v3.1 Provides the ifpdf switch
)
Package pdftexcmds Info: LuaTeX not detected.
Package pdftexcmds Info: \pdf@primitive is available.
Package pdftexcmds Info: \pdf@ifprimitive is available.
Package pdftexcmds Info: \pdfdraftmode found.
)
(c:/texlive/2016/texmf-dist/tex/latex/oberdiek/epstopdf-base.sty
Package: epstopdf-base 2016/05/15 v2.6 Base part for package epstopdf

(c:/texlive/2016/texmf-dist/tex/latex/oberdiek/grfext.sty
Package: grfext 2016/05/16 v1.2 Manage graphics extensions (HO)

(c:/texlive/2016/texmf-dist/tex/generic/oberdiek/kvdefinekeys.sty
Package: kvdefinekeys 2016/05/16 v1.4 Define keys (HO)
))
(c:/texlive/2016/texmf-dist/tex/latex/oberdiek/kvoptions.sty
Package: kvoptions 2016/05/16 v3.12 Key value format for package options (HO)

(c:/texlive/2016/texmf-dist/tex/generic/oberdiek/kvsetkeys.sty
Package: kvsetkeys 2016/05/16 v1.17 Key value parser (HO)

(c:/texlive/2016/texmf-dist/tex/generic/oberdiek/etexcmds.sty
Package: etexcmds 2016/05/16 v1.6 Avoid name clashes with e-TeX commands (HO)
Package etexcmds Info: Could not find \expanded.
(etexcmds)             That can mean that you are not using pdfTeX 1.50 or
(etexcmds)             that some package has redefined \expanded.
(etexcmds)             In the latter case, load this package earlier.
)))
Package grfext Info: Graphics extension search list:
(grfext)             [.png,.pdf,.jpg,.mps,.jpeg,.jbig2,.jb2,.PNG,.PDF,.JPG,.JPE
G,.JBIG2,.JB2,.eps]
(grfext)             \AppendGraphicsExtensions on input line 456.

(c:/texlive/2016/texmf-dist/tex/latex/latexconfig/epstopdf-sys.cfg
File: epstopdf-sys.cfg 2010/07/13 v1.3 Configuration of (r)epstopdf for TeX Liv
e
))
Package caption Info: Begin \AtBeginDocument code.
Package caption Info: subfig package v1.3 is loaded.
Package caption Info: End \AtBeginDocument code.
LaTeX Font Info:    Try loading font information for OT1+phv on input line 81.

(c:/texlive/2016/texmf-dist/tex/latex/psnfss/ot1phv.fd
File: ot1phv.fd 2001/06/04 scalable font definitions for OT1/phv.
)
LaTeX Font Info:    Font shape `OT1/phv/bx/n' in size <8.03> not available
(Font)              Font shape `OT1/phv/b/n' tried instead on input line 81.
LaTeX Font Info:    Calculating math sizes for size <11.04124> on input line 81
.
LaTeX Font Info:    External font `cmex10' loaded for size
(Font)              <11.04124> on input line 81.
LaTeX Font Info:    External font `cmex10' loaded for size
(Font)              <7.72884> on input line 81.
LaTeX Font Info:    External font `cmex10' loaded for size
(Font)              <5.52061> on input line 81.
LaTeX Font Info:    Try loading font information for U+pzd on input line 81.

(c:/texlive/2016/texmf-dist/tex/latex/psnfss/upzd.fd
File: upzd.fd 2001/06/04 font definitions for U/pzd.
)
LaTeX Font Info:    Font shape `OT1/phv/bx/n' in size <11.04124> not available
(Font)              Font shape `OT1/phv/b/n' tried instead on input line 86.
LaTeX Font Info:    Font shape `OT1/phv/bx/sc' in size <11.04124> not available

(Font)              Font shape `OT1/phv/b/sc' tried instead on input line 86.

<images/box.png, id=1, 374.90062pt x 188.95593pt>
File: images/box.png Graphic file (type png)
 <use images/box.png>
Package pdftex.def Info: images/box.png used on input line 106.
(pdftex.def)             Requested size: 168.70372pt x 85.02937pt.
 [1{c:/texlive/2016/texmf-var/fonts/map/pdftex/updmap/pdftex.map}


 <./images/box.png>]
LaTeX Font Info:    Font shape `OT1/phv/bx/n' in size <9.53561> not available
(Font)              Font shape `OT1/phv/b/n' tried instead on input line 113.

<images/polymorphgate.png, id=13, 383.93437pt x 163.3603pt>
File: images/polymorphgate.png Graphic file (type png)

<use images/polymorphgate.png>
Package pdftex.def Info: images/polymorphgate.png used on input line 116.
(pdftex.def)             Requested size: 249.55438pt x 106.18292pt.

<images/flow.png, id=14, 481.04718pt x 406.51875pt>
File: images/flow.png Graphic file (type png)
 <use images/flow.png>
Package pdftex.def Info: images/flow.png used on input line 126.
(pdftex.def)             Requested size: 216.46922pt x 182.93173pt.
LaTeX Font Info:    Calculating math sizes for size <8.03> on input line 141.
LaTeX Font Info:    External font `cmex10' loaded for size
(Font)              <8.03> on input line 141.
LaTeX Font Info:    External font `cmex10' loaded for size
(Font)              <5.62097> on input line 141.
LaTeX Font Info:    External font `cmex10' loaded for size
(Font)              <4.015> on input line 141.

<images/gateNAND.png, id=15, 168.63pt x 429.85594pt>
File: images/gateNAND.png Graphic file (type png)
 <use images/gateNAND.png>
Package pdftex.def Info: images/gateNAND.png used on input line 175.
(pdftex.def)             Requested size: 65.04256pt x 165.80003pt.

<images/gateNOR.png, id=16, 166.37157pt x 430.60875pt>
File: images/gateNOR.png Graphic file (type png)

<use images/gateNOR.png>
Package pdftex.def Info: images/gateNOR.png used on input line 178.
(pdftex.def)             Requested size: 65.04256pt x 168.3441pt.

<images/gateNOT.png, id=17, 128.73094pt x 429.10312pt>
File: images/gateNOT.png Graphic file (type png)

<use images/gateNOT.png>
Package pdftex.def Info: images/gateNOT.png used on input line 181.
(pdftex.def)             Requested size: 65.04256pt x 216.80994pt.


LaTeX Warning: `h' float specifier changed to `ht'.

<images/gate1.png, id=18, 284.56313pt x 354.57469pt>
File: images/gate1.png Graphic file (type png)
 <use images/gate1.png>
Package pdftex.def Info: images/gate1.png used on input line 189.
(pdftex.def)             Requested size: 227.6508pt x 283.66013pt.


LaTeX Warning: `h' float specifier changed to `ht'.

Missing character: There is no ‚ in font pplr7t!
Missing character: There is no Ä in font pplr7t!
Missing character: There is no ô in font pplr7t!
<gatePlace.png, id=19, 161.10187pt x 162.6075pt>
File: gatePlace.png Graphic file (type png)
 <use gatePlace.png>
Package pdftex.def Info: gatePlace.png used on input line 197.
(pdftex.def)             Requested size: 161.10147pt x 162.6071pt.
Missing character: There is no ‚ in font pplr7t!
Missing character: There is no Ä in font pplr7t!
Missing character: There is no ô in font pplr7t!
Missing character: There is no ‚ in font pplr7t!
Missing character: There is no Ä in font pplr7t!
Missing character: There is no ô in font pplr7t!
 [2 <./images/polymorphgate.png> <./images/flow.png>]

LaTeX Warning: `h' float specifier changed to `ht'.


LaTeX Warning: `h' float specifier changed to `ht'.


LaTeX Warning: `h' float specifier changed to `ht'.


LaTeX Warning: `h' float specifier changed to `ht'.

[3 <./images/gateNAND.png> <./images/gateNOR.png> <./images/gateNOT.png> <./ima
ges/gate1.png> <./gatePlace.png>]
Missing character: There is no ‚ in font pplr7t!
Missing character: There is no Ä in font pplr7t!
Missing character: There is no ú in font pplr7t!
Missing character: There is no ‚ in font pplr7t!
Missing character: There is no Ä in font pplr7t!
Missing character: There is no ù in font pplr7t!
Missing character: There is no ‚ in font pplr7t!
Missing character: There is no Ä in font pplr7t!
Missing character: There is no ì in font pplr7t!
Missing character: There is no ‚ in font pplr7t!
Missing character: There is no Ä in font pplr7t!
Missing character: There is no ú in font pplr7t!
Missing character: There is no ‚ in font pplr7t!
Missing character: There is no Ä in font pplr7t!
Missing character: There is no ù in font pplr7t!
Missing character: There is no ‚ in font pplr7t!
Missing character: There is no Ä in font pplr7t!
Missing character: There is no ì in font pplr7t!
Missing character: There is no ‚ in font pplr7t!
Missing character: There is no Ä in font pplr7t!
Missing character: There is no ú in font pplr7t!
Missing character: There is no ‚ in font pplr7t!
Missing character: There is no Ä in font pplr7t!
Missing character: There is no ù in font pplr7t!
Missing character: There is no ‚ in font pplr7t!
Missing character: There is no Ä in font pplr7t!
Missing character: There is no ì in font pplr7t!
Missing character: There is no ‚ in font pplr7t!
Missing character: There is no Ä in font pplr7t!
Missing character: There is no ú in font pplr7t!
Missing character: There is no ‚ in font pplr7t!
Missing character: There is no Ä in font pplr7t!
Missing character: There is no ù in font pplr7t!
Missing character: There is no ‚ in font pplr7t!
Missing character: There is no Ä in font pplr7t!
Missing character: There is no ì in font pplr7t!
Missing character: There is no ‚ in font pplr7t!
Missing character: There is no Ä in font pplr7t!
Missing character: There is no ú in font pplr7t!
Missing character: There is no ‚ in font pplr7t!
Missing character: There is no Ä in font pplr7t!
Missing character: There is no ù in font pplr7t!
Missing character: There is no ‚ in font pplr7t!
Missing character: There is no Ä in font pplr7t!
Missing character: There is no ú in font pplr7t!
Missing character: There is no ‚ in font pplr7t!
Missing character: There is no Ä in font pplr7t!
Missing character: There is no ù in font pplr7t!
Missing character: There is no ‚ in font pplr7t!
Missing character: There is no Ä in font pplr7t!
Missing character: There is no ì in font pplr7t!
Missing character: There is no ‚ in font pplr7t!
Missing character: There is no Ä in font pplr7t!
Missing character: There is no ú in font pplr7t!
Missing character: There is no ‚ in font pplr7t!
Missing character: There is no Ä in font pplr7t!
Missing character: There is no ù in font pplr7t!
Missing character: There is no ‚ in font pplr7t!
Missing character: There is no Ä in font pplr7t!
Missing character: There is no ì in font pplr7t!
Missing character: There is no ‚ in font pplr7t!
Missing character: There is no Ä in font pplr7t!
Missing character: There is no ú in font pplr7t!
Missing character: There is no ‚ in font pplr7t!
Missing character: There is no Ä in font pplr7t!
Missing character: There is no ù in font pplr7t!
Missing character: There is no ‚ in font pplr7t!
Missing character: There is no Ä in font pplr7t!
Missing character: There is no ú in font pplr7t!
Missing character: There is no ‚ in font pplr7t!
Missing character: There is no Ä in font pplr7t!
Missing character: There is no ù in font pplr7t!
 [4] (./jurnal.aux)

LaTeX Warning: There were multiply-defined labels.

 ) 
Here is how much of TeX's memory you used:
 4163 strings out of 493014
 66284 string characters out of 6137001
 156335 words of memory out of 5000000
 7644 multiletter control sequences out of 15000+600000
 45225 words of font info for 94 fonts, out of 8000000 for 9000
 1144 hyphenation exceptions out of 8191
 41i,17n,49p,1606b,330s stack positions out of 5000i,500n,10000p,200000b,80000s
{c:/texlive/2016/texmf-dist/fonts/enc/dvips/base/8r.enc}<c:/texlive/2016/texm
f-dist/fonts/type1/urw/helvetic/uhvb8a.pfb><c:/texlive/2016/texmf-dist/fonts/ty
pe1/urw/helvetic/uhvr8a.pfb><c:/texlive/2016/texmf-dist/fonts/type1/urw/palatin
o/uplr8a.pfb><c:/texlive/2016/texmf-dist/fonts/type1/urw/palatino/uplri8a.pfb><
c:/texlive/2016/texmf-dist/fonts/type1/urw/zapfding/uzdr.pfb>
Output written on jurnal.pdf (4 pages, 196288 bytes).
PDF statistics:
 55 PDF objects out of 1000 (max. 8388607)
 27 compressed objects within 1 object stream
 0 named destinations out of 1000 (max. 500000)
 41 words of extra memory for PDF output out of 10000 (max. 10000000)

