This is pdfTeX, Version 3.14159265-2.6-1.40.18 (TeX Live 2017) (preloaded format=pdflatex 2017.12.9)  8 JAN 2018 10:15
entering extended mode
 restricted \write18 enabled.
 %&-line parsing enabled.
**skripsi.tex
(./skripsi.tex
LaTeX2e <2017-04-15>
Babel <3.10> and hyphenation patterns for 84 language(s) loaded.
(/usr/local/texlive/2017/texmf-dist/tex/latex/base/report.cls
Document Class: report 2014/09/29 v1.4h Standard LaTeX document class
(/usr/local/texlive/2017/texmf-dist/tex/latex/base/size12.clo
File: size12.clo 2014/09/29 v1.4h Standard LaTeX file (size option)
)
\c@part=\count79
\c@chapter=\count80
\c@section=\count81
\c@subsection=\count82
\c@subsubsection=\count83
\c@paragraph=\count84
\c@subparagraph=\count85
\c@figure=\count86
\c@table=\count87
\abovecaptionskip=\skip41
\belowcaptionskip=\skip42
\bibindent=\dimen102
)
(./telkomskripsi.sty
(/usr/local/texlive/2017/texmf-dist/tex/latex/tocbibind/tocbibind.sty
Package: tocbibind 2010/10/13 v1.5k extra ToC listings
Package tocbibind Info: The document has chapter divisions on input line 50.


Package tocbibind Note: Using chapter style headings, unless overridden.

) (/usr/local/texlive/2017/texmf-dist/tex/latex/hyperref/hyperref.sty
Package: hyperref 2017/03/14 v6.85a Hypertext links for LaTeX

(/usr/local/texlive/2017/texmf-dist/tex/generic/oberdiek/hobsub-hyperref.sty
Package: hobsub-hyperref 2016/05/16 v1.14 Bundle oberdiek, subset hyperref (HO)


(/usr/local/texlive/2017/texmf-dist/tex/generic/oberdiek/hobsub-generic.sty
Package: hobsub-generic 2016/05/16 v1.14 Bundle oberdiek, subset generic (HO)
Package: hobsub 2016/05/16 v1.14 Construct package bundles (HO)
Package: infwarerr 2016/05/16 v1.4 Providing info/warning/error messages (HO)
Package: ltxcmds 2016/05/16 v1.23 LaTeX kernel commands for general use (HO)
Package: ifluatex 2016/05/16 v1.4 Provides the ifluatex switch (HO)
Package ifluatex Info: LuaTeX not detected.
Package: ifvtex 2016/05/16 v1.6 Detect VTeX and its facilities (HO)
Package ifvtex Info: VTeX not detected.
Package: intcalc 2016/05/16 v1.2 Expandable calculations with integers (HO)
Package: ifpdf 2017/03/15 v3.2 Provides the ifpdf switch
Package: etexcmds 2016/05/16 v1.6 Avoid name clashes with e-TeX commands (HO)
Package etexcmds Info: Could not find \expanded.
(etexcmds)             That can mean that you are not using pdfTeX 1.50 or
(etexcmds)             that some package has redefined \expanded.
(etexcmds)             In the latter case, load this package earlier.
Package: kvsetkeys 2016/05/16 v1.17 Key value parser (HO)
Package: kvdefinekeys 2016/05/16 v1.4 Define keys (HO)
Package: pdftexcmds 2017/03/19 v0.25 Utility functions of pdfTeX for LuaTeX (HO
)
Package pdftexcmds Info: LuaTeX not detected.
Package pdftexcmds Info: \pdf@primitive is available.
Package pdftexcmds Info: \pdf@ifprimitive is available.
Package pdftexcmds Info: \pdfdraftmode found.
Package: pdfescape 2016/05/16 v1.14 Implements pdfTeX's escape features (HO)
Package: bigintcalc 2016/05/16 v1.4 Expandable calculations on big integers (HO
)
Package: bitset 2016/05/16 v1.2 Handle bit-vector datatype (HO)
Package: uniquecounter 2016/05/16 v1.3 Provide unlimited unique counter (HO)
)
Package hobsub Info: Skipping package `hobsub' (already loaded).
Package: letltxmacro 2016/05/16 v1.5 Let assignment for LaTeX macros (HO)
Package: hopatch 2016/05/16 v1.3 Wrapper for package hooks (HO)
Package: xcolor-patch 2016/05/16 xcolor patch
Package: atveryend 2016/05/16 v1.9 Hooks at the very end of document (HO)
Package atveryend Info: \enddocument detected (standard20110627).
Package: atbegshi 2016/06/09 v1.18 At begin shipout hook (HO)
Package: refcount 2016/05/16 v3.5 Data extraction from label references (HO)
Package: hycolor 2016/05/16 v1.8 Color options for hyperref/bookmark (HO)
)
(/usr/local/texlive/2017/texmf-dist/tex/latex/graphics/keyval.sty
Package: keyval 2014/10/28 v1.15 key=value parser (DPC)
\KV@toks@=\toks14
)
(/usr/local/texlive/2017/texmf-dist/tex/generic/ifxetex/ifxetex.sty
Package: ifxetex 2010/09/12 v0.6 Provides ifxetex conditional
)
(/usr/local/texlive/2017/texmf-dist/tex/latex/oberdiek/auxhook.sty
Package: auxhook 2016/05/16 v1.4 Hooks for auxiliary files (HO)
)
(/usr/local/texlive/2017/texmf-dist/tex/latex/oberdiek/kvoptions.sty
Package: kvoptions 2016/05/16 v3.12 Key value format for package options (HO)
)
\@linkdim=\dimen103
\Hy@linkcounter=\count88
\Hy@pagecounter=\count89

(/usr/local/texlive/2017/texmf-dist/tex/latex/hyperref/pd1enc.def
File: pd1enc.def 2017/03/14 v6.85a Hyperref: PDFDocEncoding definition (HO)
)
\Hy@SavedSpaceFactor=\count90

(/usr/local/texlive/2017/texmf-dist/tex/latex/latexconfig/hyperref.cfg
File: hyperref.cfg 2002/06/06 v1.2 hyperref configuration of TeXLive
)
Package hyperref Info: Option `final' set `true' on input line 4374.
Package hyperref Info: Hyper figures OFF on input line 4498.
Package hyperref Info: Link nesting OFF on input line 4503.
Package hyperref Info: Hyper index ON on input line 4506.
Package hyperref Info: Plain pages OFF on input line 4513.
Package hyperref Info: Backreferencing OFF on input line 4518.
Package hyperref Info: Implicit mode ON; LaTeX internals redefined.
Package hyperref Info: Bookmarks ON on input line 4751.
\c@Hy@tempcnt=\count91

(/usr/local/texlive/2017/texmf-dist/tex/latex/url/url.sty
\Urlmuskip=\muskip10
Package: url 2013/09/16  ver 3.4  Verb mode for urls, etc.
)
LaTeX Info: Redefining \url on input line 5104.
\XeTeXLinkMargin=\dimen104
\Fld@menulength=\count92
\Field@Width=\dimen105
\Fld@charsize=\dimen106
Package hyperref Info: Hyper figures OFF on input line 6358.
Package hyperref Info: Link nesting OFF on input line 6363.
Package hyperref Info: Hyper index ON on input line 6366.
Package hyperref Info: backreferencing OFF on input line 6373.
Package hyperref Info: Link coloring OFF on input line 6378.
Package hyperref Info: Link coloring with OCG OFF on input line 6383.
Package hyperref Info: PDF/A mode OFF on input line 6388.
LaTeX Info: Redefining \ref on input line 6428.
LaTeX Info: Redefining \pageref on input line 6432.
\Hy@abspage=\count93
\c@Item=\count94
\c@Hfootnote=\count95
)

Package hyperref Message: Driver (autodetected): hpdftex.

(/usr/local/texlive/2017/texmf-dist/tex/latex/hyperref/hpdftex.def
File: hpdftex.def 2017/03/14 v6.85a Hyperref driver for pdfTeX
\Fld@listcount=\count96
\c@bookmark@seq@number=\count97

(/usr/local/texlive/2017/texmf-dist/tex/latex/oberdiek/rerunfilecheck.sty
Package: rerunfilecheck 2016/05/16 v1.8 Rerun checks for auxiliary files (HO)
Package uniquecounter Info: New unique counter `rerunfilecheck' on input line 2
82.
)
\Hy@SectionHShift=\skip43
)

Package hyperref Warning: Option `a4paper' is no longer used.

Package hyperref Info: Option `colorlinks' set `false' on input line 16.
Package hyperref Info: Option `bookmarksopen' set `false' on input line 16.
Package hyperref Info: Option `bookmarksnumbered' set `true' on input line 16.
(/usr/local/texlive/2017/texmf-dist/tex/latex/multirow/multirow.sty
Package: multirow 2016/11/25 v2.2 Span multiple rows of a table
\multirow@colwidth=\skip44
\multirow@cntb=\count98
\multirow@dima=\skip45
\bigstrutjot=\dimen107
)
(/usr/local/texlive/2017/texmf-dist/tex/latex/graphics/graphicx.sty
Package: graphicx 2014/10/28 v1.0g Enhanced LaTeX Graphics (DPC,SPQR)

(/usr/local/texlive/2017/texmf-dist/tex/latex/graphics/graphics.sty
Package: graphics 2017/04/14 v1.1b Standard LaTeX Graphics (DPC,SPQR)

(/usr/local/texlive/2017/texmf-dist/tex/latex/graphics/trig.sty
Package: trig 2016/01/03 v1.10 sin cos tan (DPC)
)
(/usr/local/texlive/2017/texmf-dist/tex/latex/graphics-cfg/graphics.cfg
File: graphics.cfg 2016/06/04 v1.11 sample graphics configuration
)
Package graphics Info: Driver file: pdftex.def on input line 99.

(/usr/local/texlive/2017/texmf-dist/tex/latex/graphics-def/pdftex.def
File: pdftex.def 2017/01/12 v0.06k Graphics/color for pdfTeX
\Gread@gobject=\count99
))
\Gin@req@height=\dimen108
\Gin@req@width=\dimen109
)
(/usr/local/texlive/2017/texmf-dist/tex/latex/setspace/setspace.sty
Package: setspace 2011/12/19 v6.7a set line spacing
)
(/usr/local/texlive/2017/texmf-dist/tex/latex/geometry/geometry.sty
Package: geometry 2010/09/12 v5.6 Page Geometry
\Gm@cnth=\count100
\Gm@cntv=\count101
\c@Gm@tempcnt=\count102
\Gm@bindingoffset=\dimen110
\Gm@wd@mp=\dimen111
\Gm@odd@mp=\dimen112
\Gm@even@mp=\dimen113
\Gm@layoutwidth=\dimen114
\Gm@layoutheight=\dimen115
\Gm@layouthoffset=\dimen116
\Gm@layoutvoffset=\dimen117
\Gm@dimlist=\toks15
)
(/usr/local/texlive/2017/texmf-dist/tex/latex/caption/caption.sty
Package: caption 2016/02/21 v3.3-144 Customizing captions (AR)

(/usr/local/texlive/2017/texmf-dist/tex/latex/caption/caption3.sty
Package: caption3 2016/05/22 v1.7-166 caption3 kernel (AR)
Package caption3 Info: TeX engine: e-TeX on input line 67.
\captionmargin=\dimen118
\captionmargin@=\dimen119
\captionwidth=\dimen120
\caption@tempdima=\dimen121
\caption@indent=\dimen122
\caption@parindent=\dimen123
\caption@hangindent=\dimen124
)
\c@ContinuedFloat=\count103
Package caption Info: hyperref package is loaded.
)
(/usr/local/texlive/2017/texmf-dist/tex/latex/amsmath/amsmath.sty
Package: amsmath 2016/11/05 v2.16a AMS math features
\@mathmargin=\skip46

For additional information on amsmath, use the `?' option.
(/usr/local/texlive/2017/texmf-dist/tex/latex/amsmath/amstext.sty
Package: amstext 2000/06/29 v2.01 AMS text

(/usr/local/texlive/2017/texmf-dist/tex/latex/amsmath/amsgen.sty
File: amsgen.sty 1999/11/30 v2.0 generic functions
\@emptytoks=\toks16
\ex@=\dimen125
))
(/usr/local/texlive/2017/texmf-dist/tex/latex/amsmath/amsbsy.sty
Package: amsbsy 1999/11/29 v1.2d Bold Symbols
\pmbraise@=\dimen126
)
(/usr/local/texlive/2017/texmf-dist/tex/latex/amsmath/amsopn.sty
Package: amsopn 2016/03/08 v2.02 operator names
)
\inf@bad=\count104
LaTeX Info: Redefining \frac on input line 213.
\uproot@=\count105
\leftroot@=\count106
LaTeX Info: Redefining \overline on input line 375.
\classnum@=\count107
\DOTSCASE@=\count108
LaTeX Info: Redefining \ldots on input line 472.
LaTeX Info: Redefining \dots on input line 475.
LaTeX Info: Redefining \cdots on input line 596.
\Mathstrutbox@=\box26
\strutbox@=\box27
\big@size=\dimen127
LaTeX Font Info:    Redeclaring font encoding OML on input line 712.
LaTeX Font Info:    Redeclaring font encoding OMS on input line 713.
\macc@depth=\count109
\c@MaxMatrixCols=\count110
\dotsspace@=\muskip11
\c@parentequation=\count111
\dspbrk@lvl=\count112
\tag@help=\toks17
\row@=\count113
\column@=\count114
\maxfields@=\count115
\andhelp@=\toks18
\eqnshift@=\dimen128
\alignsep@=\dimen129
\tagshift@=\dimen130
\tagwidth@=\dimen131
\totwidth@=\dimen132
\lineht@=\dimen133
\@envbody=\toks19
\multlinegap=\skip47
\multlinetaggap=\skip48
\mathdisplay@stack=\toks20
LaTeX Info: Redefining \[ on input line 2817.
LaTeX Info: Redefining \] on input line 2818.
)
(/usr/local/texlive/2017/texmf-dist/tex/latex/multirow/bigstrut.sty
Package: bigstrut 2016/11/25 v2.2 Provide larger struts in tabulars
)
(/usr/local/texlive/2017/texmf-dist/tex/latex/pslatex/pslatex.sty
Package: pslatex 1996/07/24 v1.2 pslatex emulation (DPC)
LaTeX Font Info:    Redeclaring symbol font `operators' on input line 65.
LaTeX Font Info:    Overwriting symbol font `operators' in version `normal'
(Font)                  OT1/cmr/m/n --> OT1/ptmcm/m/n on input line 65.
LaTeX Font Info:    Overwriting symbol font `operators' in version `bold'
(Font)                  OT1/cmr/bx/n --> OT1/ptmcm/m/n on input line 65.
LaTeX Font Info:    Redeclaring symbol font `letters' on input line 66.
LaTeX Font Info:    Overwriting symbol font `letters' in version `normal'
(Font)                  OML/cmm/m/it --> OML/ptmcm/m/it on input line 66.
LaTeX Font Info:    Overwriting symbol font `letters' in version `bold'
(Font)                  OML/cmm/b/it --> OML/ptmcm/m/it on input line 66.
LaTeX Font Info:    Redeclaring symbol font `symbols' on input line 67.
LaTeX Font Info:    Overwriting symbol font `symbols' in version `normal'
(Font)                  OMS/cmsy/m/n --> OMS/pzccm/m/n on input line 67.
LaTeX Font Info:    Overwriting symbol font `symbols' in version `bold'
(Font)                  OMS/cmsy/b/n --> OMS/pzccm/m/n on input line 67.
LaTeX Font Info:    Redeclaring symbol font `largesymbols' on input line 68.
LaTeX Font Info:    Overwriting symbol font `largesymbols' in version `normal'
(Font)                  OMX/cmex/m/n --> OMX/psycm/m/n on input line 68.
LaTeX Font Info:    Overwriting symbol font `largesymbols' in version `bold'
(Font)                  OMX/cmex/m/n --> OMX/psycm/m/n on input line 68.
\symbold=\mathgroup4
\symitalic=\mathgroup5
LaTeX Font Info:    Redeclaring math alphabet \mathbf on input line 74.
LaTeX Font Info:    Overwriting math alphabet `\mathbf' in version `normal'
(Font)                  OT1/cmr/bx/n --> OT1/ptm/bx/n on input line 74.
LaTeX Font Info:    Overwriting math alphabet `\mathbf' in version `bold'
(Font)                  OT1/cmr/bx/n --> OT1/ptm/bx/n on input line 74.
LaTeX Font Info:    Redeclaring math alphabet \mathit on input line 75.
LaTeX Font Info:    Overwriting math alphabet `\mathit' in version `normal'
(Font)                  OT1/cmr/m/it --> OT1/ptm/m/it on input line 75.
LaTeX Font Info:    Overwriting math alphabet `\mathit' in version `bold'
(Font)                  OT1/cmr/bx/it --> OT1/ptm/m/it on input line 75.
)
(/usr/local/texlive/2017/texmf-dist/tex/latex/fancyhdr/fancyhdr.sty
Package: fancyhdr 2016/09/06 3.8 Extensive control of page headers and footers
\fancy@headwidth=\skip49
\f@ncyO@elh=\skip50
\f@ncyO@erh=\skip51
\f@ncyO@olh=\skip52
\f@ncyO@orh=\skip53
\f@ncyO@elf=\skip54
\f@ncyO@erf=\skip55
\f@ncyO@olf=\skip56
\f@ncyO@orf=\skip57
)
(/usr/local/texlive/2017/texmf-dist/tex/latex/pdfpages/pdfpages.sty
Package: pdfpages 2017/01/14 v0.5h Insert pages of external PDF documents (AM)

(/usr/local/texlive/2017/texmf-dist/tex/latex/base/ifthen.sty
Package: ifthen 2014/09/29 v1.1c Standard LaTeX ifthen package (DPC)
)
(/usr/local/texlive/2017/texmf-dist/tex/latex/tools/calc.sty
Package: calc 2014/10/28 v4.3 Infix arithmetic (KKT,FJ)
\calc@Acount=\count116
\calc@Bcount=\count117
\calc@Adimen=\dimen134
\calc@Bdimen=\dimen135
\calc@Askip=\skip58
\calc@Bskip=\skip59
LaTeX Info: Redefining \setlength on input line 80.
LaTeX Info: Redefining \addtolength on input line 81.
\calc@Ccount=\count118
\calc@Cskip=\skip60
)
(/usr/local/texlive/2017/texmf-dist/tex/latex/eso-pic/eso-pic.sty
Package: eso-pic 2015/07/21 v2.0g eso-pic (RN)

(/usr/local/texlive/2017/texmf-dist/tex/latex/xcolor/xcolor.sty
Package: xcolor 2016/05/11 v2.12 LaTeX color extensions (UK)

(/usr/local/texlive/2017/texmf-dist/tex/latex/graphics-cfg/color.cfg
File: color.cfg 2016/01/02 v1.6 sample color configuration
)
Package xcolor Info: Driver file: pdftex.def on input line 225.
Package xcolor Info: Model `cmy' substituted by `cmy0' on input line 1348.
Package xcolor Info: Model `hsb' substituted by `rgb' on input line 1352.
Package xcolor Info: Model `RGB' extended on input line 1364.
Package xcolor Info: Model `HTML' substituted by `rgb' on input line 1366.
Package xcolor Info: Model `Hsb' substituted by `hsb' on input line 1367.
Package xcolor Info: Model `tHsb' substituted by `hsb' on input line 1368.
Package xcolor Info: Model `HSB' substituted by `hsb' on input line 1369.
Package xcolor Info: Model `Gray' substituted by `gray' on input line 1370.
Package xcolor Info: Model `wave' substituted by `hsb' on input line 1371.
))
\AM@pagewidth=\dimen136
\AM@pageheight=\dimen137

(/usr/local/texlive/2017/texmf-dist/tex/latex/pdfpages/pppdftex.def
File: pppdftex.def 2017/01/14 v0.5h Pdfpages driver for pdfTeX (AM)
)
\AM@pagebox=\box28
\AM@global@opts=\toks21
\AM@toc@title=\toks22
\c@AM@survey=\count119
\AM@templatesizebox=\box29
)
(./fncychap.sty
Package: fncychap 2007/07/30 v1.34 LaTeX package (Revised chapters)
\RW=\skip61
\mylen=\skip62
\myhi=\skip63
\px=\skip64
\py=\skip65
\pyy=\skip66
\pxx=\skip67
)
(/usr/local/texlive/2017/texmf-dist/tex/latex/colortbl/colortbl.sty
Package: colortbl 2012/02/13 v1.0a Color table columns (DPC)

(/usr/local/texlive/2017/texmf-dist/tex/latex/tools/array.sty
Package: array 2016/10/06 v2.4d Tabular extension package (FMi)
\col@sep=\dimen138
\extrarowheight=\dimen139
\NC@list=\toks23
\extratabsurround=\skip68
\backup@length=\skip69
)
\everycr=\toks24
\minrowclearance=\skip70
)
(/usr/local/texlive/2017/texmf-dist/tex/latex/float/float.sty
Package: float 2001/11/08 v1.3d Float enhancements (AL)
\c@float@type=\count120
\float@exts=\toks25
\float@box=\box30
\@float@everytoks=\toks26
\@floatcapt=\box31
)
(/usr/local/texlive/2017/texmf-dist/tex/latex/tools/indentfirst.sty
Package: indentfirst 1995/11/23 v1.03 Indent first paragraph (DPC)
)
(/usr/local/texlive/2017/texmf-dist/tex/latex/listings/listings.sty
\lst@mode=\count121
\lst@gtempboxa=\box32
\lst@token=\toks27
\lst@length=\count122
\lst@currlwidth=\dimen140
\lst@column=\count123
\lst@pos=\count124
\lst@lostspace=\dimen141
\lst@width=\dimen142
\lst@newlines=\count125
\lst@lineno=\count126
\lst@maxwidth=\dimen143

(/usr/local/texlive/2017/texmf-dist/tex/latex/listings/lstmisc.sty
File: lstmisc.sty 2015/06/04 1.6 (Carsten Heinz)
\c@lstnumber=\count127
\lst@skipnumbers=\count128
\lst@framebox=\box33
)
(/usr/local/texlive/2017/texmf-dist/tex/latex/listings/listings.cfg
File: listings.cfg 2015/06/04 1.6 listings configuration
))
Package: listings 2015/06/04 1.6 (Carsten Heinz)
)
(./laporan_setting.tex)
\@input{hype.indonesia.aux}
\openout2 = `hype.indonesia.aux'.

(./hype.indonesia.tex) (./istilah.tex) (./skripsi.aux (./sampul.aux)
(./judul_dalam.aux) (./abstrak.aux) (./abstract.aux) (./bab1.aux) (./bab2.aux)
(./bab3.aux) (./bab4.aux) (./kesimpulan.aux) (./pustaka.aux)
(./markLampiran.aux) (./lampiran.aux))
\openout1 = `skripsi.aux'.

LaTeX Font Info:    Checking defaults for OML/cmm/m/it on input line 11.
LaTeX Font Info:    ... okay on input line 11.
LaTeX Font Info:    Checking defaults for T1/cmr/m/n on input line 11.
LaTeX Font Info:    ... okay on input line 11.
LaTeX Font Info:    Checking defaults for OT1/cmr/m/n on input line 11.
LaTeX Font Info:    ... okay on input line 11.
LaTeX Font Info:    Checking defaults for OMS/pzccm/m/n on input line 11.
LaTeX Font Info:    Try loading font information for OMS+pzccm on input line 11
.

(/usr/local/texlive/2017/texmf-dist/tex/latex/psnfss/omspzccm.fd
File: omspzccm.fd 2000/01/03 Fontinst v1.801 font definitions for OMS/pzccm.
)
LaTeX Font Info:    ... okay on input line 11.
LaTeX Font Info:    Checking defaults for OMX/cmex/m/n on input line 11.
LaTeX Font Info:    ... okay on input line 11.
LaTeX Font Info:    Checking defaults for U/cmr/m/n on input line 11.
LaTeX Font Info:    ... okay on input line 11.
LaTeX Font Info:    Checking defaults for PD1/pdf/m/n on input line 11.
LaTeX Font Info:    ... okay on input line 11.
\AtBeginShipoutBox=\box34
Package hyperref Info: Link coloring OFF on input line 11.

(/usr/local/texlive/2017/texmf-dist/tex/latex/hyperref/nameref.sty
Package: nameref 2016/05/21 v2.44 Cross-referencing by name of section

(/usr/local/texlive/2017/texmf-dist/tex/generic/oberdiek/gettitlestring.sty
Package: gettitlestring 2016/05/16 v1.5 Cleanup title references (HO)
)
\c@section@level=\count129
)
LaTeX Info: Redefining \ref on input line 11.
LaTeX Info: Redefining \pageref on input line 11.
LaTeX Info: Redefining \nameref on input line 11.

(./skripsi.out) (./skripsi.out)
\@outlinefile=\write3
\openout3 = `skripsi.out'.


(/usr/local/texlive/2017/texmf-dist/tex/context/base/mkii/supp-pdf.mkii
[Loading MPS to PDF converter (version 2006.09.02).]
\scratchcounter=\count130
\scratchdimen=\dimen144
\scratchbox=\box35
\nofMPsegments=\count131
\nofMParguments=\count132
\everyMPshowfont=\toks28
\MPscratchCnt=\count133
\MPscratchDim=\dimen145
\MPnumerator=\count134
\makeMPintoPDFobject=\count135
\everyMPtoPDFconversion=\toks29
) (/usr/local/texlive/2017/texmf-dist/tex/latex/oberdiek/epstopdf-base.sty
Package: epstopdf-base 2016/05/15 v2.6 Base part for package epstopdf

(/usr/local/texlive/2017/texmf-dist/tex/latex/oberdiek/grfext.sty
Package: grfext 2016/05/16 v1.2 Manage graphics extensions (HO)
)
Package epstopdf-base Info: Redefining graphics rule for `.eps' on input line 4
38.
Package grfext Info: Graphics extension search list:
(grfext)             [.png,.pdf,.jpg,.mps,.jpeg,.jbig2,.jb2,.PNG,.PDF,.JPG,.JPE
G,.JBIG2,.JB2,.eps]
(grfext)             \AppendGraphicsExtensions on input line 456.

(/usr/local/texlive/2017/texmf-dist/tex/latex/latexconfig/epstopdf-sys.cfg
File: epstopdf-sys.cfg 2010/07/13 v1.3 Configuration of (r)epstopdf for TeX Liv
e
))
*geometry* driver: auto-detecting
*geometry* detected driver: pdftex
*geometry* verbose mode - [ preamble ] result:
* driver: pdftex
* paper: a4paper
* layout: <same size as paper>
* layoutoffset:(h,v)=(0.0pt,0.0pt)
* modes: 
* h-part:(L,W,R)=(113.81102pt, 398.3386pt, 85.35826pt)
* v-part:(T,H,B)=(85.35826pt, 674.33032pt, 85.35826pt)
* \paperwidth=597.50787pt
* \paperheight=845.04684pt
* \textwidth=398.3386pt
* \textheight=674.33032pt
* \oddsidemargin=41.54103pt
* \evensidemargin=41.54103pt
* \topmargin=-11.91173pt
* \headheight=0.0pt
* \headsep=25.0pt
* \topskip=12.0pt
* \footskip=30.0pt
* \marginparwidth=35.0pt
* \marginparsep=10.0pt
* \columnsep=10.0pt
* \skip\footins=10.8pt plus 4.0pt minus 2.0pt
* \hoffset=0.0pt
* \voffset=0.0pt
* \mag=1000
* \@twocolumnfalse
* \@twosidefalse
* \@mparswitchfalse
* \@reversemarginfalse
* (1in=72.27pt=25.4mm, 1cm=28.453pt)

Package caption Info: Begin \AtBeginDocument code.
Package caption Info: float package is loaded.
Package caption Info: listings package is loaded.
Package caption Info: End \AtBeginDocument code.
(/usr/local/texlive/2017/texmf-dist/tex/latex/oberdiek/pdflscape.sty
Package: pdflscape 2016/05/14 v0.11 Display of landscape pages in PDF (HO)

(/usr/local/texlive/2017/texmf-dist/tex/latex/graphics/lscape.sty
Package: lscape 2000/10/22 v3.01 Landscape Pages (DPC)
)
Package pdflscape Info: Auto-detected driver: pdftex on input line 81.
)
\c@lstlisting=\count136
\openout2 = `sampul.aux'.


(./sampul.tex
LaTeX Font Info:    Font shape `OT1/ptm/bx/n' in size <12> not available
(Font)              Font shape `OT1/ptm/b/n' tried instead on input line 6.
LaTeX Font Info:    Font shape `OT1/ptm/bx/it' in size <12> not available
(Font)              Font shape `OT1/ptm/b/it' tried instead on input line 6.
 <pics/telu.png, id=202, 1027.84pt x 1027.84pt>
File: pics/telu.png Graphic file (type png)

<use pics/telu.png>
Package pdftex.def Info: pics/telu.png used on input line 21.
(pdftex.def)             Requested size: 142.26378pt x 142.24985pt.
 [1




{/usr/local/texlive/2017/texmf-var/fonts/map/pdftex/updmap/pdftex.map} <./pics/
telu.png>])
\openout2 = `judul_dalam.aux'.

 (./judul_dalam.tex
File: pics/telu.png Graphic file (type png)
 <use pics/telu.png>
Package pdftex.def Info: pics/telu.png used on input line 21.
(pdftex.def)             Requested size: 142.26378pt x 142.24985pt.

[1


]) [2

]
\openout2 = `abstrak.aux'.

 (./abstrak.tex
LaTeX Font Info:    Font shape `OT1/ptm/bx/n' in size <14.4> not available
(Font)              Font shape `OT1/ptm/b/n' tried instead on input line 1.
 [3


])
\openout2 = `abstract.aux'.

 (./abstract.tex [4



]) (./skripsi.toc
LaTeX Font Info:    Try loading font information for OT1+ptmcm on input line 11
.

(/usr/local/texlive/2017/texmf-dist/tex/latex/psnfss/ot1ptmcm.fd
File: ot1ptmcm.fd 2000/01/03 Fontinst v1.801 font definitions for OT1/ptmcm.
)
LaTeX Font Info:    Try loading font information for OML+ptmcm on input line 11
.

(/usr/local/texlive/2017/texmf-dist/tex/latex/psnfss/omlptmcm.fd
File: omlptmcm.fd 2000/01/03 Fontinst v1.801 font definitions for OML/ptmcm.
)
LaTeX Font Info:    Try loading font information for OMX+psycm on input line 11
.

(/usr/local/texlive/2017/texmf-dist/tex/latex/psnfss/omxpsycm.fd
File: omxpsycm.fd 2000/01/03 Fontinst v1.801 font definitions for OMX/psycm.
)
LaTeX Font Info:    Font shape `OT1/ptm/bx/n' in size <9> not available
(Font)              Font shape `OT1/ptm/b/n' tried instead on input line 11.
LaTeX Font Info:    Font shape `OT1/ptm/bx/n' in size <7> not available
(Font)              Font shape `OT1/ptm/b/n' tried instead on input line 11.
 [5


])
\tf@toc=\write4
\openout4 = `skripsi.toc'.

 [6]
(./skripsi.lof)
\tf@lof=\write5
\openout5 = `skripsi.lof'.

 [7


] (./skripsi.lot)
\tf@lot=\write6
\openout6 = `skripsi.lot'.

 [8


]
\openout2 = `bab1.aux'.

 (./bab1.tex
BAB 1.

Package hyperref Warning: Token not allowed in a PDF string (PDFDocEncoding):
(hyperref)                removing `\uppercase' on input line 5.


Underfull \hbox (badness 1286) in paragraph at lines 19--20
[]\OT1/ptm/m/n/12 Dengan mem-berikan rangka-ian \OT1/ptm/m/it/12 wa-ter-mark\OT
1/ptm/m/n/12 /pelindung se-ba-gai penga-manan
 []

pdfTeX warning (ext4): destination with the same identifier (name{page.1}) has 
been already used, duplicate ignored
<to be read again> 
                   \relax 
l.20 
      [1



] [2]
LaTeX Font Info:    Font shape `OMS/ptm/m/n' in size <12> not available
(Font)              Font shape `OMS/pzccm/m/n' tried instead on input line 81.
 [3]) [4]
\openout2 = `bab2.aux'.

 (./bab2.tex
BAB 2.

Package hyperref Warning: Token not allowed in a PDF string (PDFDocEncoding):
(hyperref)                removing `\uppercase' on input line 5.

[5



] <pics/steping.png, id=499, 150.5625pt x 242.9075pt>
File: pics/steping.png Graphic file (type png)
 <use pics/steping.png>
Package pdftex.def Info: pics/steping.png used on input line 35.
(pdftex.def)             Requested size: 139.42093pt x 224.95277pt.
LaTeX Font Info:    Font shape `OT1/ptm/bx/n' in size <10> not available
(Font)              Font shape `OT1/ptm/b/n' tried instead on input line 36.

[6 <./pics/steping.png>]
<diagrams/untrustSource.png, id=505, 548.0475pt x 146.5475pt>
File: diagrams/untrustSource.png Graphic file (type png)

<use diagrams/untrustSource.png>
Package pdftex.def Info: diagrams/untrustSource.png used on input line 52.
(pdftex.def)             Requested size: 418.25673pt x 111.84235pt.

Overfull \hbox (19.91814pt too wide) in paragraph at lines 51--53
 [][] 
 []

<diagrams/reverseEngineering.png, id=506, 564.1075pt x 226.8475pt>
File: diagrams/reverseEngineering.png Graphic file (type png)

<use diagrams/reverseEngineering.png>
Package pdftex.def Info: diagrams/reverseEngineering.png used on input line 62.

(pdftex.def)             Requested size: 418.25673pt x 168.19681pt.

Overfull \hbox (19.91814pt too wide) in paragraph at lines 61--63
 [][] 
 []

[7 <./diagrams/untrustSource.png> <./diagrams/reverseEngineering.png>]
<diagrams/oldBusinessLSI.png, id=513, 275.0275pt x 210.7875pt>
File: diagrams/oldBusinessLSI.png Graphic file (type png)

<use diagrams/oldBusinessLSI.png>
Package pdftex.def Info: diagrams/oldBusinessLSI.png used on input line 79.
(pdftex.def)             Requested size: 199.1693pt x 152.65138pt.

<diagrams/newBusinessLSI.png, id=514, 275.0275pt x 242.9075pt>
File: diagrams/newBusinessLSI.png Graphic file (type png)

<use diagrams/newBusinessLSI.png>
Package pdftex.def Info: diagrams/newBusinessLSI.png used on input line 89.
(pdftex.def)             Requested size: 199.1693pt x 175.91252pt.
 [8 <./diagrams/oldBusinessLSI.png> <./diagrams/newBusinessLSI.png>]
<pics/polymorphgate.png, id=521, 416.30531pt x 155.83218pt>
File: pics/polymorphgate.png Graphic file (type png)

<use pics/polymorphgate.png>
Package pdftex.def Info: pics/polymorphgate.png used on input line 125.
(pdftex.def)             Requested size: 298.75394pt x 111.83528pt.
 [9]
<pics/yosys.png, id=531, 415.5525pt x 234.1247pt>
File: pics/yosys.png Graphic file (type png)
 <use pics/yosys.png>
Package pdftex.def Info: pics/yosys.png used on input line 150.
(pdftex.def)             Requested size: 298.75394pt x 168.32672pt.
 [10 <./pics/polymorphgate.png>] <pics/ise-logo.jpg, id=540, 257.96375pt x 167.
62625pt>
File: pics/ise-logo.jpg Graphic file (type jpg)

<use pics/ise-logo.jpg>
Package pdftex.def Info: pics/ise-logo.jpg used on input line 161.
(pdftex.def)             Requested size: 159.333pt x 103.5384pt.
 <pics/elbertv2.jpg, id=543, 216.81pt x 216.81pt>
File: pics/elbertv2.jpg Graphic file (type jpg)

<use pics/elbertv2.jpg>
Package pdftex.def Info: pics/elbertv2.jpg used on input line 172.
(pdftex.def)             Requested size: 298.75394pt x 298.7912pt.
 [11 <./pics/yosys.png> <./pics/ise-logo.jpg>]
<pics/alu.png, id=551, 669.50125pt x 495.8525pt>
File: pics/alu.png Graphic file (type png)
 <use pics/alu.png>
Package pdftex.def Info: pics/alu.png used on input line 192.
(pdftex.def)             Requested size: 199.1693pt x 147.50848pt.
 [12 <./pics/elbertv2.jpg>]) [13 <./pics/alu.png>]
\openout2 = `bab3.aux'.

 (./bab3.tex
BAB 3.

Package hyperref Warning: Token not allowed in a PDF string (PDFDocEncoding):
(hyperref)                removing `\uppercase' on input line 5.

<ilustrasi/aludesain.png, id=562, 430.2474pt x 414.5889pt>
File: ilustrasi/aludesain.png Graphic file (type png)

<use ilustrasi/aludesain.png>
Package pdftex.def Info: ilustrasi/aludesain.png used on input line 19.
(pdftex.def)             Requested size: 199.1693pt x 191.92148pt.

<ilustrasi/watermarkdesain.png, id=563, 439.1607pt x 124.7862pt>
File: ilustrasi/watermarkdesain.png Graphic file (type png)

<use ilustrasi/watermarkdesain.png>
Package pdftex.def Info: ilustrasi/watermarkdesain.png used on input line 29.
(pdftex.def)             Requested size: 199.1693pt x 56.5931pt.
 [14



 <./ilustrasi/aludesain.png> <./ilustrasi/watermarkdesain.png>] <diagrams/topAs
k.png, id=570, 403.5075pt x 371.3875pt>
File: diagrams/topAsk.png Graphic file (type png)

<use diagrams/topAsk.png>
Package pdftex.def Info: diagrams/topAsk.png used on input line 41.
(pdftex.def)             Requested size: 199.1693pt x 183.31319pt.

<diagrams/topAlu.png, id=571, 403.5075pt x 371.3875pt>
File: diagrams/topAlu.png Graphic file (type png)

<use diagrams/topAlu.png>
Package pdftex.def Info: diagrams/topAlu.png used on input line 51.
(pdftex.def)             Requested size: 199.1693pt x 183.31319pt.
 [15 <./diagrams/topAsk.png> <./diagrams/topAlu.png>]
<diagrams/topPro.png, id=578, 403.5075pt x 371.3875pt>
File: diagrams/topPro.png Graphic file (type png)

<use diagrams/topPro.png>
Package pdftex.def Info: diagrams/topPro.png used on input line 61.
(pdftex.def)             Requested size: 199.1693pt x 183.31319pt.

Underfull \hbox (badness 1565) in paragraph at lines 68--69
\OT1/ptm/m/n/12 pada peng-ga-bungan kali ini di-gu-nakan teknik \OT1/ptm/m/it/1
2 ob-fus-ca-tion poly-morph \OT1/ptm/m/n/12 un-tuk
 []

<diagrams/Activation.png, id=579, 291.0875pt x 371.3875pt>
File: diagrams/Activation.png Graphic file (type png)

<use diagrams/Activation.png>
Package pdftex.def Info: diagrams/Activation.png used on input line 73.
(pdftex.def)             Requested size: 199.1693pt x 254.11555pt.
 [16 <./diagrams/topPro.png>]
<diagrams/top.png, id=586, 403.5075pt x 371.3875pt>
File: diagrams/top.png Graphic file (type png)
 <use diagrams/top.png>
Package pdftex.def Info: diagrams/top.png used on input line 83.
(pdftex.def)             Requested size: 199.1693pt x 183.31319pt.

Underfull \hbox (badness 10000) in paragraph at lines 88--89

 []


Underfull \hbox (badness 10000) in paragraph at lines 88--89

 []

(/usr/local/texlive/2017/texmf-dist/tex/latex/listings/lstlang1.sty
File: lstlang1.sty 2015/06/04 1.6 listings language file
)
(/usr/local/texlive/2017/texmf-dist/tex/latex/listings/lstlang2.sty
File: lstlang2.sty 2015/06/04 1.6 listings language file
)
(/usr/local/texlive/2017/texmf-dist/tex/latex/listings/lstlang3.sty
File: lstlang3.sty 2015/06/04 1.6 listings language file
) [17 <./diagrams/Activation.png> <./diagrams/top.png>]
LaTeX Font Info:    Font shape `OT1/pcr/m/it' in size <10> not available
(Font)              Font shape `OT1/pcr/m/sl' tried instead on input line 91.
LaTeX Font Info:    Font shape `OT1/pcr/bx/n' in size <10> not available
(Font)              Font shape `OT1/pcr/b/n' tried instead on input line 92.

<diagrams/All_General.png, id=593, 210.7875pt x 146.5475pt>
File: diagrams/All_General.png Graphic file (type png)

<use diagrams/All_General.png>
Package pdftex.def Info: diagrams/All_General.png used on input line 123.
(pdftex.def)             Requested size: 119.50279pt x 83.08347pt.
 [18 <./diagrams/All_General.png>]
<diagrams/kegiatanA.png, id=619, 853.1875pt x 355.3275pt>
File: diagrams/kegiatanA.png Graphic file (type png)

<use diagrams/kegiatanA.png>
Package pdftex.def Info: diagrams/kegiatanA.png used on input line 132.
(pdftex.def)             Requested size: 398.3386pt x 165.89787pt.

<diagrams/kegiatanB.png, id=620, 853.1875pt x 242.9075pt>
File: diagrams/kegiatanB.png Graphic file (type png)

<use diagrams/kegiatanB.png>
Package pdftex.def Info: diagrams/kegiatanB.png used on input line 144.
(pdftex.def)             Requested size: 398.3386pt x 113.41042pt.
 [19 <./diagrams/kegiatanA.png> <./diagrams/kegiatanB.png>] <diagrams/kegiatanC
.png, id=627, 853.1875pt x 307.1475pt>
File: diagrams/kegiatanC.png Graphic file (type png)

<use diagrams/kegiatanC.png>
Package pdftex.def Info: diagrams/kegiatanC.png used on input line 154.
(pdftex.def)             Requested size: 398.3386pt x 143.40326pt.

<diagrams/kegiatanD.png, id=628, 853.1875pt x 178.6675pt>
File: diagrams/kegiatanD.png Graphic file (type png)

<use diagrams/kegiatanD.png>
Package pdftex.def Info: diagrams/kegiatanD.png used on input line 164.
(pdftex.def)             Requested size: 398.3386pt x 83.41757pt.
 [20 <./diagrams/kegiatanC.png> <./diagrams/kegiatanD.png>] <diagrams/SimulasiA
lat.png, id=635, 258.9675pt x 210.7875pt>
File: diagrams/SimulasiAlat.png Graphic file (type png)

<use diagrams/SimulasiAlat.png>
Package pdftex.def Info: diagrams/SimulasiAlat.png used on input line 181.
(pdftex.def)             Requested size: 199.1693pt x 162.12033pt.
) [21 <./diagrams/SimulasiAlat.png>]
\openout2 = `bab4.aux'.

 (./bab4.tex
BAB 4.

Package hyperref Warning: Token not allowed in a PDF string (PDFDocEncoding):
(hyperref)                removing `\uppercase' on input line 5.

[22



] <pics/din.png, id=646, 173.448pt x 105.0324pt>
File: pics/din.png Graphic file (type png)
 <use pics/din.png>
Package pdftex.def Info: pics/din.png used on input line 62.
(pdftex.def)             Requested size: 318.67209pt x 192.98468pt.
 [23]
<pics/dout.png, id=651, 173.448pt x 103.1052pt>
File: pics/dout.png Graphic file (type png)
 <use pics/dout.png>
Package pdftex.def Info: pics/dout.png used on input line 70.
(pdftex.def)             Requested size: 318.67209pt x 189.44366pt.
 [24 <./pics/din.png> <./pics/dout.png>] [25]
<pics/kecepatan.png, id=662, 708.6475pt x 212.795pt>
File: pics/kecepatan.png Graphic file (type png)
 <use pics/kecepatan.png>
Package pdftex.def Info: pics/kecepatan.png used on input line 169.
(pdftex.def)             Requested size: 398.3386pt x 119.6157pt.

[26 <./pics/kecepatan.png>] <pics/daya.png, id=668, 511.9125pt x 208.78pt>
File: pics/daya.png Graphic file (type png)

<use pics/daya.png>
Package pdftex.def Info: pics/daya.png used on input line 204.
(pdftex.def)             Requested size: 398.3386pt x 162.45906pt.

Underfull \hbox (badness 10000) in paragraph at lines 219--219
[]|\OT1/ptm/m/n/12 Supply
 []


Underfull \hbox (badness 10000) in paragraph at lines 219--219
[]|\OT1/ptm/m/n/12 Supply
 []


Underfull \hbox (badness 10000) in paragraph at lines 219--219
[]|\OT1/ptm/m/n/12 Total
 []


Underfull \hbox (badness 10000) in paragraph at lines 219--219
\OT1/ptm/m/n/12 Current
 []


Underfull \hbox (badness 10000) in paragraph at lines 219--219
[]|\OT1/ptm/m/n/12 Dynamic
 []


Underfull \hbox (badness 10000) in paragraph at lines 219--219
\OT1/ptm/m/n/12 Current
 []


Underfull \hbox (badness 10000) in paragraph at lines 219--219
[]|\OT1/ptm/m/n/12 Quiescent
 []


Underfull \hbox (badness 10000) in paragraph at lines 219--219
\OT1/ptm/m/n/12 Current
 []


Underfull \hbox (badness 10000) in paragraph at lines 229--229
[]|\OT1/ptm/m/n/12 Supply
 []


Underfull \hbox (badness 10000) in paragraph at lines 229--229
[]|\OT1/ptm/m/n/12 Supply
 []


Underfull \hbox (badness 10000) in paragraph at lines 229--229
[]|\OT1/ptm/m/n/12 Total
 []


Underfull \hbox (badness 10000) in paragraph at lines 229--229
\OT1/ptm/m/n/12 Current
 []


Underfull \hbox (badness 10000) in paragraph at lines 229--229
[]|\OT1/ptm/m/n/12 Dynamic
 []


Underfull \hbox (badness 10000) in paragraph at lines 229--229
\OT1/ptm/m/n/12 Current
 []


Underfull \hbox (badness 10000) in paragraph at lines 229--229
[]|\OT1/ptm/m/n/12 Quiescent
 []


Underfull \hbox (badness 10000) in paragraph at lines 229--229
\OT1/ptm/m/n/12 Current
 []

[27 <./pics/daya.png>]
<pics/powerConsumption.png, id=674, 757.32938pt x 249.93375pt>
File: pics/powerConsumption.png Graphic file (type png)

<use pics/powerConsumption.png>
Package pdftex.def Info: pics/powerConsumption.png used on input line 243.
(pdftex.def)             Requested size: 398.3386pt x 131.46126pt.
) [28 <./pics/powerConsumption.png>] [29]
\openout2 = `kesimpulan.aux'.


(./kesimpulan.tex
BAB 5.

Package hyperref Warning: Token not allowed in a PDF string (PDFDocEncoding):
(hyperref)                removing `\uppercase' on input line 5.

) [30



]
\openout2 = `pustaka.aux'.

 (./pustaka.tex
Missing character: There is no â in font ptmr7t!
Missing character: There is no € in font ptmr7t!
Missing character: There is no ” in font ptmr7t!
Missing character: There is no â in font ptmr7t!
Missing character: There is no € in font ptmr7t!
Missing character: There is no ” in font ptmr7t!
 [31



] [32]
Underfull \hbox (badness 10000) in paragraph at lines 171--173
[][]$\OT1/ptm/m/n/12 https : / / www . xilinx . com / support / download / inde
x . html / content / xilinx / en /
 []


Underfull \hbox (badness 10000) in paragraph at lines 175--177
[][]$\OT1/ptm/m/n/12 https : / / numato . com / product / elbert-[]v2-[]spartan
-[]3a-[]fpga-[]development-[]board$[]
 []

) [33]
\openout2 = `markLampiran.aux'.

 (./markLampiran.tex)
\openout2 = `lampiran.aux'.

 (./lampiran.texpdfTeX warning (ext4): destination with the same identifier (na
me{page.1}) has been already used, duplicate ignored
<to be read again> 
                   \relax 
l.12 \end{titlepage}
                     [1




] <lampiran/VLSI1.pdf, id=742, 614.295pt x 794.97pt>
File: lampiran/VLSI1.pdf Graphic file (type pdf)

<use lampiran/VLSI1.pdf>
Package pdftex.def Info: lampiran/VLSI1.pdf used on input line 15.
(pdftex.def)             Requested size: 614.29349pt x 794.96806pt.
File: lampiran/VLSI1.pdf Graphic file (type pdf)
 <use lampiran/VLSI1.pdf>
Package pdftex.def Info: lampiran/VLSI1.pdf used on input line 15.
(pdftex.def)             Requested size: 614.29349pt x 794.96806pt.

<lampiran/VLSI1.pdf, id=745, page=1, 614.295pt x 794.97pt>
File: lampiran/VLSI1.pdf Graphic file (type pdf)

<use lampiran/VLSI1.pdf, page 1>
Package pdftex.def Info: lampiran/VLSI1.pdf, page1 used on input line 15.
(pdftex.def)             Requested size: 614.29349pt x 794.96806pt.
File: lampiran/VLSI1.pdf Graphic file (type pdf)
 <use lampiran/VLSI1.pdf, page 1>
Package pdftex.def Info: lampiran/VLSI1.pdf, page1 used on input line 15.
(pdftex.def)             Requested size: 597.78697pt x 773.60669pt.
 [1

]
File: lampiran/VLSI1.pdf Graphic file (type pdf)

<use lampiran/VLSI1.pdf, page 1>
Package pdftex.def Info: lampiran/VLSI1.pdf, page1 used on input line 15.
(pdftex.def)             Requested size: 597.78697pt x 773.60669pt.
File: lampiran/VLSI1.pdf Graphic file (type pdf)
 <use lampiran/VLSI1.pdf, page 1>
Package pdftex.def Info: lampiran/VLSI1.pdf, page1 used on input line 15.
(pdftex.def)             Requested size: 597.78697pt x 773.60669pt.
File: lampiran/VLSI1.pdf Graphic file (type pdf)

<use lampiran/VLSI1.pdf, page 1>
Package pdftex.def Info: lampiran/VLSI1.pdf, page1 used on input line 15.
(pdftex.def)             Requested size: 597.78697pt x 773.60669pt.
 [2 <./lampiran/VLSI1.pdf>]
<lampiran/VLSI1.pdf, id=779, page=2, 614.295pt x 794.97pt>
File: lampiran/VLSI1.pdf Graphic file (type pdf)

<use lampiran/VLSI1.pdf, page 2>
Package pdftex.def Info: lampiran/VLSI1.pdf, page2 used on input line 15.
(pdftex.def)             Requested size: 597.78697pt x 773.60669pt.
File: lampiran/VLSI1.pdf Graphic file (type pdf)
 <use lampiran/VLSI1.pdf, page 2>
Package pdftex.def Info: lampiran/VLSI1.pdf, page2 used on input line 15.
(pdftex.def)             Requested size: 597.78697pt x 773.60669pt.
File: lampiran/VLSI1.pdf Graphic file (type pdf)

<use lampiran/VLSI1.pdf, page 2>
Package pdftex.def Info: lampiran/VLSI1.pdf, page2 used on input line 15.
(pdftex.def)             Requested size: 597.78697pt x 773.60669pt.
 [3 <./lampiran/VLSI1.pdf>]
<lampiran/VLSI2.pdf, id=784, 614.295pt x 794.97pt>
File: lampiran/VLSI2.pdf Graphic file (type pdf)
 <use lampiran/VLSI2.pdf>
Package pdftex.def Info: lampiran/VLSI2.pdf used on input line 17.
(pdftex.def)             Requested size: 614.29349pt x 794.96806pt.
File: lampiran/VLSI2.pdf Graphic file (type pdf)

<use lampiran/VLSI2.pdf>
Package pdftex.def Info: lampiran/VLSI2.pdf used on input line 17.
(pdftex.def)             Requested size: 614.29349pt x 794.96806pt.

<lampiran/VLSI2.pdf, id=787, page=1, 614.295pt x 794.97pt>
File: lampiran/VLSI2.pdf Graphic file (type pdf)

<use lampiran/VLSI2.pdf, page 1>
Package pdftex.def Info: lampiran/VLSI2.pdf, page1 used on input line 17.
(pdftex.def)             Requested size: 614.29349pt x 794.96806pt.
File: lampiran/VLSI2.pdf Graphic file (type pdf)
 <use lampiran/VLSI2.pdf, page 1>
Package pdftex.def Info: lampiran/VLSI2.pdf, page1 used on input line 17.
(pdftex.def)             Requested size: 597.78697pt x 773.60669pt.
 [4

]
File: lampiran/VLSI2.pdf Graphic file (type pdf)

<use lampiran/VLSI2.pdf, page 1>
Package pdftex.def Info: lampiran/VLSI2.pdf, page1 used on input line 17.
(pdftex.def)             Requested size: 597.78697pt x 773.60669pt.
File: lampiran/VLSI2.pdf Graphic file (type pdf)
 <use lampiran/VLSI2.pdf, page 1>
Package pdftex.def Info: lampiran/VLSI2.pdf, page1 used on input line 17.
(pdftex.def)             Requested size: 597.78697pt x 773.60669pt.
File: lampiran/VLSI2.pdf Graphic file (type pdf)

<use lampiran/VLSI2.pdf, page 1>
Package pdftex.def Info: lampiran/VLSI2.pdf, page1 used on input line 17.
(pdftex.def)             Requested size: 597.78697pt x 773.60669pt.
 [5 <./lampiran/VLSI2.pdf>]
<lampiran/VLSI2.pdf, id=822, page=2, 614.295pt x 794.97pt>
File: lampiran/VLSI2.pdf Graphic file (type pdf)

<use lampiran/VLSI2.pdf, page 2>
Package pdftex.def Info: lampiran/VLSI2.pdf, page2 used on input line 17.
(pdftex.def)             Requested size: 597.78697pt x 773.60669pt.
File: lampiran/VLSI2.pdf Graphic file (type pdf)
 <use lampiran/VLSI2.pdf, page 2>
Package pdftex.def Info: lampiran/VLSI2.pdf, page2 used on input line 17.
(pdftex.def)             Requested size: 597.78697pt x 773.60669pt.
File: lampiran/VLSI2.pdf Graphic file (type pdf)

<use lampiran/VLSI2.pdf, page 2>
Package pdftex.def Info: lampiran/VLSI2.pdf, page2 used on input line 17.
(pdftex.def)             Requested size: 597.78697pt x 773.60669pt.
 [6 <./lampiran/VLSI2.pdf>]
<lampiran/VLSI2.pdf, id=828, page=3, 614.295pt x 794.97pt>
File: lampiran/VLSI2.pdf Graphic file (type pdf)

<use lampiran/VLSI2.pdf, page 3>
Package pdftex.def Info: lampiran/VLSI2.pdf, page3 used on input line 17.
(pdftex.def)             Requested size: 597.78697pt x 773.60669pt.
File: lampiran/VLSI2.pdf Graphic file (type pdf)
 <use lampiran/VLSI2.pdf, page 3>
Package pdftex.def Info: lampiran/VLSI2.pdf, page3 used on input line 17.
(pdftex.def)             Requested size: 597.78697pt x 773.60669pt.
File: lampiran/VLSI2.pdf Graphic file (type pdf)

<use lampiran/VLSI2.pdf, page 3>
Package pdftex.def Info: lampiran/VLSI2.pdf, page3 used on input line 17.
(pdftex.def)             Requested size: 597.78697pt x 773.60669pt.
 [7 <./lampiran/VLSI2.pdf>]pdfTeX warning (ext4): destination with the same ide
ntifier (name{page.a}) has been already used, duplicate ignored
<to be read again> 
                   \relax 
l.24 \end{titlepage}
                     [1]
<lampiran/aluTest1.pdf, id=836, 845.1575pt x 597.45204pt>
File: lampiran/aluTest1.pdf Graphic file (type pdf)

<use lampiran/aluTest1.pdf>
Package pdftex.def Info: lampiran/aluTest1.pdf used on input line 26.
(pdftex.def)             Requested size: 845.15544pt x 597.45058pt.
File: lampiran/aluTest1.pdf Graphic file (type pdf)
 <use lampiran/aluTest1.pdf>
Package pdftex.def Info: lampiran/aluTest1.pdf used on input line 26.
(pdftex.def)             Requested size: 845.15544pt x 597.45058pt.
File: lampiran/aluTest1.pdf Graphic file (type pdf)

<use lampiran/aluTest1.pdf>
Package pdftex.def Info: lampiran/aluTest1.pdf used on input line 26.
(pdftex.def)             Requested size: 845.15544pt x 597.45058pt.

<lampiran/aluTest1.pdf, id=840, page=1, 845.1575pt x 597.45204pt>
File: lampiran/aluTest1.pdf Graphic file (type pdf)

<use lampiran/aluTest1.pdf, page 1>
Package pdftex.def Info: lampiran/aluTest1.pdf, page1 used on input line 26.
(pdftex.def)             Requested size: 845.15544pt x 597.45058pt.
File: lampiran/aluTest1.pdf Graphic file (type pdf)
 <use lampiran/aluTest1.pdf, page 1>
Package pdftex.def Info: lampiran/aluTest1.pdf, page1 used on input line 26.
(pdftex.def)             Requested size: 845.15544pt x 597.45058pt.
pdfTeX warning (ext4): destination with the same identifier (name{page.a}) has 
been already used, duplicate ignored
<to be read again> 
                   \relax 
l.26 ..., angle=-90, scale=0.9]{lampiran/aluTest1}
                                                   [1

]
File: lampiran/aluTest1.pdf Graphic file (type pdf)

<use lampiran/aluTest1.pdf, page 1>
Package pdftex.def Info: lampiran/aluTest1.pdf, page1 used on input line 26.
(pdftex.def)             Requested size: 845.15544pt x 597.45058pt.
File: lampiran/aluTest1.pdf Graphic file (type pdf)
 <use lampiran/aluTest1.pdf, page 1>
Package pdftex.def Info: lampiran/aluTest1.pdf, page1 used on input line 26.
(pdftex.def)             Requested size: 845.15544pt x 597.45058pt.
pdfTeX warning (ext4): destination with the same identifier (name{page.b}) has 
been already used, duplicate ignored
<to be read again> 
                   \relax 
l.26 ..., angle=-90, scale=0.9]{lampiran/aluTest1}
                                                  
File: lampiran/aluTest1.pdf Graphic file (type pdf)

<use lampiran/aluTest1.pdf, page 1>
Package pdftex.def Info: lampiran/aluTest1.pdf, page1 used on input line 26.
(pdftex.def)             Requested size: 845.15544pt x 597.45058pt.
 [2 <./lampiran/aluTest1.pdf, page is rotated 90 degrees>]
<lampiran/aluTest1.pdf, id=855, page=2, 845.1575pt x 597.45204pt>
File: lampiran/aluTest1.pdf Graphic file (type pdf)

<use lampiran/aluTest1.pdf, page 2>
Package pdftex.def Info: lampiran/aluTest1.pdf, page2 used on input line 26.
(pdftex.def)             Requested size: 845.15544pt x 597.45058pt.
File: lampiran/aluTest1.pdf Graphic file (type pdf)
 <use lampiran/aluTest1.pdf, page 2>
Package pdftex.def Info: lampiran/aluTest1.pdf, page2 used on input line 26.
(pdftex.def)             Requested size: 845.15544pt x 597.45058pt.
pdfTeX warning (ext4): destination with the same identifier (name{page.c}) has 
been already used, duplicate ignored
<to be read again> 
                   \relax 
l.26 ..., angle=-90, scale=0.9]{lampiran/aluTest1}
                                                  
File: lampiran/aluTest1.pdf Graphic file (type pdf)

<use lampiran/aluTest1.pdf, page 2>
Package pdftex.def Info: lampiran/aluTest1.pdf, page2 used on input line 26.
(pdftex.def)             Requested size: 845.15544pt x 597.45058pt.
 [3 <./lampiran/aluTest1.pdf, page is rotated 90 degrees>] <lampiran/aluTest2.p
df, id=861, 845.1575pt x 597.45204pt>
File: lampiran/aluTest2.pdf Graphic file (type pdf)

<use lampiran/aluTest2.pdf>
Package pdftex.def Info: lampiran/aluTest2.pdf used on input line 28.
(pdftex.def)             Requested size: 845.15544pt x 597.45058pt.
File: lampiran/aluTest2.pdf Graphic file (type pdf)
 <use lampiran/aluTest2.pdf>
Package pdftex.def Info: lampiran/aluTest2.pdf used on input line 28.
(pdftex.def)             Requested size: 845.15544pt x 597.45058pt.

<lampiran/aluTest2.pdf, id=864, page=1, 845.1575pt x 597.45204pt>
File: lampiran/aluTest2.pdf Graphic file (type pdf)

<use lampiran/aluTest2.pdf, page 1>
Package pdftex.def Info: lampiran/aluTest2.pdf, page1 used on input line 28.
(pdftex.def)             Requested size: 845.15544pt x 597.45058pt.
File: lampiran/aluTest2.pdf Graphic file (type pdf)
 <use lampiran/aluTest2.pdf, page 1>
Package pdftex.def Info: lampiran/aluTest2.pdf, page1 used on input line 28.
(pdftex.def)             Requested size: 845.15544pt x 597.45058pt.
pdfTeX warning (ext4): destination with the same identifier (name{page.d}) has 
been already used, duplicate ignored
<to be read again> 
                   \relax 
l.28 ..., angle=-90, scale=0.9]{lampiran/aluTest2}
                                                   [4

]
File: lampiran/aluTest2.pdf Graphic file (type pdf)

<use lampiran/aluTest2.pdf, page 1>
Package pdftex.def Info: lampiran/aluTest2.pdf, page1 used on input line 28.
(pdftex.def)             Requested size: 845.15544pt x 597.45058pt.
File: lampiran/aluTest2.pdf Graphic file (type pdf)
 <use lampiran/aluTest2.pdf, page 1>
Package pdftex.def Info: lampiran/aluTest2.pdf, page1 used on input line 28.
(pdftex.def)             Requested size: 845.15544pt x 597.45058pt.
pdfTeX warning (ext4): destination with the same identifier (name{page.e}) has 
been already used, duplicate ignored
<to be read again> 
                   \relax 
l.28 ..., angle=-90, scale=0.9]{lampiran/aluTest2}
                                                  
File: lampiran/aluTest2.pdf Graphic file (type pdf)

<use lampiran/aluTest2.pdf, page 1>
Package pdftex.def Info: lampiran/aluTest2.pdf, page1 used on input line 28.
(pdftex.def)             Requested size: 845.15544pt x 597.45058pt.
 [5 <./lampiran/aluTest2.pdf, page is rotated 90 degrees>]pdfTeX warning (ext4)
: destination with the same identifier (name{page.a}) has been already used, du
plicate ignored
<to be read again> 
                   \relax 
l.35 \end{titlepage}
                     [1]
! Missing } inserted.
<inserted text> 
                }
l.35 \end{titlepage}
                    
I've inserted something that you may have forgotten.
(See the <inserted text> above.)
With luck, this will get me unwedged. But if you
really didn't forget anything, try typing `2' now; then
my insertion and my current dilemma will both disappear.

<lampiran/rtlTop.pdf, id=881, 845.1575pt x 597.45204pt>
File: lampiran/rtlTop.pdf Graphic file (type pdf)

<use lampiran/rtlTop.pdf>
Package pdftex.def Info: lampiran/rtlTop.pdf used on input line 38.
(pdftex.def)             Requested size: 845.15544pt x 597.45058pt.
File: lampiran/rtlTop.pdf Graphic file (type pdf)
 <use lampiran/rtlTop.pdf>
Package pdftex.def Info: lampiran/rtlTop.pdf used on input line 38.
(pdftex.def)             Requested size: 845.15544pt x 597.45058pt.

<lampiran/rtlTop.pdf, id=884, page=1, 845.1575pt x 597.45204pt>
File: lampiran/rtlTop.pdf Graphic file (type pdf)

<use lampiran/rtlTop.pdf, page 1>
Package pdftex.def Info: lampiran/rtlTop.pdf, page1 used on input line 38.
(pdftex.def)             Requested size: 845.15544pt x 597.45058pt.
File: lampiran/rtlTop.pdf Graphic file (type pdf)
 <use lampiran/rtlTop.pdf, page 1>
Package pdftex.def Info: lampiran/rtlTop.pdf, page1 used on input line 38.
(pdftex.def)             Requested size: 845.15544pt x 597.45058pt.
pdfTeX warning (ext4): destination with the same identifier (name{page.a}) has 
been already used, duplicate ignored
<to be read again> 
                   \relax 
l.38 ...1}, angle=-90, scale=0.9]{lampiran/rtlTop}
                                                   [1

]
File: lampiran/rtlTop.pdf Graphic file (type pdf)

<use lampiran/rtlTop.pdf, page 1>
Package pdftex.def Info: lampiran/rtlTop.pdf, page1 used on input line 38.
(pdftex.def)             Requested size: 845.15544pt x 597.45058pt.
File: lampiran/rtlTop.pdf Graphic file (type pdf)
 <use lampiran/rtlTop.pdf, page 1>
Package pdftex.def Info: lampiran/rtlTop.pdf, page1 used on input line 38.
(pdftex.def)             Requested size: 845.15544pt x 597.45058pt.
pdfTeX warning (ext4): destination with the same identifier (name{page.b}) has 
been already used, duplicate ignored
<to be read again> 
                   \relax 
l.38 ...1}, angle=-90, scale=0.9]{lampiran/rtlTop}
                                                  
File: lampiran/rtlTop.pdf Graphic file (type pdf)

<use lampiran/rtlTop.pdf, page 1>
Package pdftex.def Info: lampiran/rtlTop.pdf, page1 used on input line 38.
(pdftex.def)             Requested size: 845.15544pt x 597.45058pt.
 [2 <./lampiran/rtlTop.pdf, page is rotated 90 degrees>] <lampiran/rtlPro.pdf, 
id=901, 597.45204pt x 845.1575pt>
File: lampiran/rtlPro.pdf Graphic file (type pdf)

<use lampiran/rtlPro.pdf>
Package pdftex.def Info: lampiran/rtlPro.pdf used on input line 40.
(pdftex.def)             Requested size: 597.45058pt x 845.15544pt.
File: lampiran/rtlPro.pdf Graphic file (type pdf)
 <use lampiran/rtlPro.pdf>
Package pdftex.def Info: lampiran/rtlPro.pdf used on input line 40.
(pdftex.def)             Requested size: 597.45058pt x 845.15544pt.

<lampiran/rtlPro.pdf, id=904, page=1, 597.45204pt x 845.1575pt>
File: lampiran/rtlPro.pdf Graphic file (type pdf)

<use lampiran/rtlPro.pdf, page 1>
Package pdftex.def Info: lampiran/rtlPro.pdf, page1 used on input line 40.
(pdftex.def)             Requested size: 597.45058pt x 845.15544pt.
File: lampiran/rtlPro.pdf Graphic file (type pdf)
 <use lampiran/rtlPro.pdf, page 1>
Package pdftex.def Info: lampiran/rtlPro.pdf, page1 used on input line 40.
(pdftex.def)             Requested size: 597.45058pt x 845.15544pt.
pdfTeX warning (ext4): destination with the same identifier (name{page.c}) has 
been already used, duplicate ignored
<to be read again> 
                   \relax 
l.40 ...={1}, angle=0, scale=0.9]{lampiran/rtlPro}
                                                   [3

]
File: lampiran/rtlPro.pdf Graphic file (type pdf)

<use lampiran/rtlPro.pdf, page 1>
Package pdftex.def Info: lampiran/rtlPro.pdf, page1 used on input line 40.
(pdftex.def)             Requested size: 597.45058pt x 845.15544pt.
File: lampiran/rtlPro.pdf Graphic file (type pdf)
 <use lampiran/rtlPro.pdf, page 1>
Package pdftex.def Info: lampiran/rtlPro.pdf, page1 used on input line 40.
(pdftex.def)             Requested size: 597.45058pt x 845.15544pt.
pdfTeX warning (ext4): destination with the same identifier (name{page.d}) has 
been already used, duplicate ignored
<to be read again> 
                   \relax 
l.40 ...={1}, angle=0, scale=0.9]{lampiran/rtlPro}
                                                  
File: lampiran/rtlPro.pdf Graphic file (type pdf)

<use lampiran/rtlPro.pdf, page 1>
Package pdftex.def Info: lampiran/rtlPro.pdf, page1 used on input line 40.
(pdftex.def)             Requested size: 597.45058pt x 845.15544pt.
 [4 <./lampiran/rtlPro.pdf>])
Package atveryend Info: Empty hook `BeforeClearDocument' on input line 68.
Package atveryend Info: Empty hook `AfterLastShipout' on input line 68.
 (./skripsi.aux
(./sampul.aux) (./judul_dalam.aux) (./abstrak.aux) (./abstract.aux) (./bab1.aux
) (./bab2.aux) (./bab3.aux) (./bab4.aux) (./kesimpulan.aux) (./pustaka.aux)
(./markLampiran.aux) (./lampiran.aux))
Package atveryend Info: Executing hook `AtVeryEndDocument' on input line 68.
Package atveryend Info: Executing hook `AtEndAfterFileList' on input line 68.
Package rerunfilecheck Info: File `skripsi.out' has not changed.
(rerunfilecheck)             Checksum: 4E10921733B2CD93FFEBD582B4751496;3281.
Package atveryend Info: Empty hook `AtVeryVeryEnd' on input line 68.
 ) 
Here is how much of TeX's memory you used:
 11369 strings out of 492995
 168369 string characters out of 6132704
 325514 words of memory out of 5000000
 14351 multiletter control sequences out of 15000+600000
 29447 words of font info for 62 fonts, out of 8000000 for 9000
 1215 hyphenation exceptions out of 8191
 46i,21n,56p,764b,1244s stack positions out of 5000i,500n,10000p,200000b,80000s
{/usr/local/texlive/2017/texmf-dist/fonts/enc/dvips/base/8r.enc}</usr/local/t
exlive/2017/texmf-dist/fonts/type1/public/amsfonts/cm/cmr10.pfb></usr/local/tex
live/2017/texmf-dist/fonts/type1/public/amsfonts/cm/cmsy10.pfb></usr/local/texl
ive/2017/texmf-dist/fonts/type1/urw/courier/ucrb8a.pfb></usr/local/texlive/2017
/texmf-dist/fonts/type1/urw/courier/ucrr8a.pfb></usr/local/texlive/2017/texmf-d
ist/fonts/type1/urw/courier/ucrro8a.pfb></usr/local/texlive/2017/texmf-dist/fon
ts/type1/urw/times/utmb8a.pfb></usr/local/texlive/2017/texmf-dist/fonts/type1/u
rw/times/utmbi8a.pfb></usr/local/texlive/2017/texmf-dist/fonts/type1/urw/times/
utmr8a.pfb></usr/local/texlive/2017/texmf-dist/fonts/type1/urw/times/utmri8a.pf
b>
Output written on skripsi.pdf (61 pages, 2263123 bytes).
PDF statistics:
 998 PDF objects out of 1000 (max. 8388607)
 795 compressed objects within 8 object streams
 195 named destinations out of 1000 (max. 500000)
 691 words of extra memory for PDF output out of 10000 (max. 10000000)

