#! /usr/local/Cellar/icarus-verilog/10.1.1/bin/vvp
:ivl_version "10.1 (stable)" "(v10_1_1)";
:ivl_delay_selection "TYPICAL";
:vpi_time_precision + 0;
:vpi_module "system";
:vpi_module "vhdl_sys";
:vpi_module "v2005_math";
:vpi_module "va_math";
S_0x7f9cf0d045a0 .scope module, "protection_sim" "protection_sim" 2 21;
 .timescale 0 0;
v0x7f9cf0d14f40_0 .var "CLK", 0 0;
v0x7f9cf0d14ff0_0 .var "ENA", 0 0;
v0x7f9cf0d15080_0 .var "KEY", 1 0;
v0x7f9cf0d15110_0 .var "RGA", 7 0;
v0x7f9cf0d151c0_0 .var "RGB", 7 0;
v0x7f9cf0d15290_0 .net "RGZ", 7 0, v0x7f9cf0d14c90_0;  1 drivers
v0x7f9cf0d15340_0 .var "RST", 0 0;
S_0x7f9cf0d04700 .scope module, "prot" "protection" 2 83, 3 1 0, S_0x7f9cf0d045a0;
 .timescale 0 0;
    .port_info 0 /INPUT 1 "RST"
    .port_info 1 /INPUT 1 "CLK"
    .port_info 2 /INPUT 1 "ENA"
    .port_info 3 /INPUT 8 "RGA"
    .port_info 4 /INPUT 8 "RGB"
    .port_info 5 /OUTPUT 8 "RGZ"
    .port_info 6 /INPUT 2 "KEY"
v0x7f9cf0d04910_0 .net "CLK", 0 0, v0x7f9cf0d14f40_0;  1 drivers
v0x7f9cf0d149b0_0 .net "ENA", 0 0, v0x7f9cf0d14ff0_0;  1 drivers
v0x7f9cf0d14a50_0 .net "KEY", 1 0, v0x7f9cf0d15080_0;  1 drivers
v0x7f9cf0d14af0_0 .net "RGA", 7 0, v0x7f9cf0d15110_0;  1 drivers
v0x7f9cf0d14ba0_0 .net "RGB", 7 0, v0x7f9cf0d151c0_0;  1 drivers
v0x7f9cf0d14c90_0 .var "RGZ", 7 0;
v0x7f9cf0d14d40_0 .net "RST", 0 0, v0x7f9cf0d15340_0;  1 drivers
v0x7f9cf0d14de0_0 .var "tmp", 11 0;
E_0x7f9cf0d041d0 .event posedge, v0x7f9cf0d04910_0;
    .scope S_0x7f9cf0d04700;
T_0 ;
    %wait E_0x7f9cf0d041d0;
    %load/vec4 v0x7f9cf0d14d40_0;
    %flag_set/vec4 8;
    %jmp/0xz  T_0.0, 8;
    %pushi/vec4 0, 0, 8;
    %store/vec4 v0x7f9cf0d14c90_0, 0, 8;
    %jmp T_0.1;
T_0.0 ;
    %load/vec4 v0x7f9cf0d14c90_0;
    %parti/s 2, 6, 4;
    %addi 1, 0, 2;
    %ix/load 4, 6, 0;
    %flag_set/imm 4, 0;
    %store/vec4 v0x7f9cf0d14c90_0, 4, 2;
T_0.1 ;
    %load/vec4 v0x7f9cf0d14c90_0;
    %parti/s 2, 6, 4;
    %cmpi/e 3, 0, 2;
    %jmp/0xz  T_0.2, 4;
    %load/vec4 v0x7f9cf0d14af0_0;
    %pad/u 3;
    %ix/load 4, 0, 0;
    %flag_set/imm 4, 0;
    %store/vec4 v0x7f9cf0d14c90_0, 4, 3;
    %load/vec4 v0x7f9cf0d14c90_0;
    %parti/s 3, 3, 3;
    %addi 1, 0, 3;
    %ix/load 4, 3, 0;
    %flag_set/imm 4, 0;
    %store/vec4 v0x7f9cf0d14c90_0, 4, 3;
    %load/vec4 v0x7f9cf0d14c90_0;
    %parti/s 3, 0, 2;
    %ix/load 4, 0, 0;
    %flag_set/imm 4, 0;
    %store/vec4 v0x7f9cf0d14de0_0, 4, 3;
T_0.2 ;
    %load/vec4 v0x7f9cf0d14c90_0;
    %parti/s 2, 6, 4;
    %cmpi/e 1, 0, 2;
    %jmp/0xz  T_0.4, 4;
    %load/vec4 v0x7f9cf0d14de0_0;
    %ix/load 4, 3, 0;
    %flag_set/imm 4, 0;
    %shiftl 4;
    %store/vec4 v0x7f9cf0d14de0_0, 0, 12;
T_0.4 ;
    %jmp T_0;
    .thread T_0;
    .scope S_0x7f9cf0d045a0;
T_1 ;
    %vpi_call 2 32 "$dumpfile", "vcd" {0 0 0};
    %vpi_call 2 33 "$dumpvars", 32'sb00000000000000000000000000000000, S_0x7f9cf0d04700 {0 0 0};
    %vpi_call 2 34 "$monitor", $time, " REG A = %b REG Z = %b", v0x7f9cf0d15110_0, v0x7f9cf0d15290_0 {0 0 0};
    %end;
    .thread T_1;
    .scope S_0x7f9cf0d045a0;
T_2 ;
    %pushi/vec4 1, 0, 1;
    %store/vec4 v0x7f9cf0d14f40_0, 0, 1;
T_2.0 ;
    %delay 5, 0;
    %load/vec4 v0x7f9cf0d14f40_0;
    %inv;
    %store/vec4 v0x7f9cf0d14f40_0, 0, 1;
    %jmp T_2.0;
    %end;
    .thread T_2;
    .scope S_0x7f9cf0d045a0;
T_3 ;
    %pushi/vec4 1, 0, 1;
    %store/vec4 v0x7f9cf0d15340_0, 0, 1;
    %delay 5, 0;
    %pushi/vec4 0, 0, 1;
    %store/vec4 v0x7f9cf0d15340_0, 0, 1;
    %end;
    .thread T_3;
    .scope S_0x7f9cf0d045a0;
T_4 ;
    %pushi/vec4 0, 0, 8;
    %store/vec4 v0x7f9cf0d15110_0, 0, 8;
    %delay 10, 0;
    %pushi/vec4 7, 0, 8;
    %store/vec4 v0x7f9cf0d15110_0, 0, 8;
    %delay 10, 0;
    %pushi/vec4 5, 0, 8;
    %store/vec4 v0x7f9cf0d15110_0, 0, 8;
    %delay 10, 0;
    %pushi/vec4 6, 0, 8;
    %store/vec4 v0x7f9cf0d15110_0, 0, 8;
    %delay 10, 0;
    %pushi/vec4 2, 0, 8;
    %store/vec4 v0x7f9cf0d15110_0, 0, 8;
    %delay 10, 0;
    %pushi/vec4 3, 0, 8;
    %store/vec4 v0x7f9cf0d15110_0, 0, 8;
    %delay 10, 0;
    %pushi/vec4 4, 0, 8;
    %store/vec4 v0x7f9cf0d15110_0, 0, 8;
    %delay 10, 0;
    %pushi/vec4 2, 0, 8;
    %store/vec4 v0x7f9cf0d15110_0, 0, 8;
    %delay 10, 0;
    %pushi/vec4 0, 0, 8;
    %store/vec4 v0x7f9cf0d15110_0, 0, 8;
    %delay 10, 0;
    %pushi/vec4 7, 0, 8;
    %store/vec4 v0x7f9cf0d15110_0, 0, 8;
    %delay 10, 0;
    %pushi/vec4 4, 0, 8;
    %store/vec4 v0x7f9cf0d15110_0, 0, 8;
    %delay 10, 0;
    %pushi/vec4 2, 0, 8;
    %store/vec4 v0x7f9cf0d15110_0, 0, 8;
    %delay 10, 0;
    %pushi/vec4 1, 0, 8;
    %store/vec4 v0x7f9cf0d15110_0, 0, 8;
    %delay 10, 0;
    %pushi/vec4 2, 0, 8;
    %store/vec4 v0x7f9cf0d15110_0, 0, 8;
    %delay 10, 0;
    %pushi/vec4 5, 0, 8;
    %store/vec4 v0x7f9cf0d15110_0, 0, 8;
    %delay 10, 0;
    %pushi/vec4 3, 0, 8;
    %store/vec4 v0x7f9cf0d15110_0, 0, 8;
    %delay 10, 0;
    %pushi/vec4 4, 0, 8;
    %store/vec4 v0x7f9cf0d15110_0, 0, 8;
    %delay 10, 0;
    %pushi/vec4 2, 0, 8;
    %store/vec4 v0x7f9cf0d15110_0, 0, 8;
    %delay 10, 0;
    %pushi/vec4 7, 0, 8;
    %store/vec4 v0x7f9cf0d15110_0, 0, 8;
    %delay 10, 0;
    %pushi/vec4 3, 0, 8;
    %store/vec4 v0x7f9cf0d15110_0, 0, 8;
    %delay 10, 0;
    %pushi/vec4 0, 0, 8;
    %store/vec4 v0x7f9cf0d15110_0, 0, 8;
    %vpi_call 2 78 "$finish" {0 0 0};
    %end;
    .thread T_4;
# The file index is used to find the file name in the following table.
:file_names 4;
    "N/A";
    "<interactive>";
    "protection_sim.v";
    "./../module/protection.v";
